{
  "stats": {
    "suites": 1,
    "tests": 3,
    "passes": 0,
    "pending": 0,
    "failures": 3,
    "start": "2025-08-28T19:18:44.024Z",
    "end": "2025-08-28T19:21:21.173Z",
    "duration": 157149,
    "testsRegistered": 3,
    "passPercent": 0,
    "pendingPercent": 0,
    "other": 0,
    "hasOther": false,
    "skipped": 0,
    "hasSkipped": false
  },
  "results": [
    {
      "uuid": "9ef2448d-f502-4048-b88a-30d3a9353040",
      "title": "",
      "fullFile": "cypress\\e2e\\adminDashboard.cy.ts",
      "file": "cypress\\e2e\\adminDashboard.cy.ts",
      "beforeHooks": [],
      "afterHooks": [],
      "tests": [],
      "suites": [
        {
          "uuid": "2d132875-248d-4589-b873-0ce6552c4d07",
          "title": "Admin Dashboard",
          "fullFile": "",
          "file": "",
          "beforeHooks": [],
          "afterHooks": [],
          "tests": [
            {
              "title": "navigue sur /admin/dashboard et affiche les stats",
              "fullTitle": "Admin Dashboard navigue sur /admin/dashboard et affiche les stats",
              "timedOut": null,
              "duration": 86700,
              "state": "failed",
              "speed": null,
              "pass": false,
              "fail": true,
              "pending": false,
              "context": null,
              "code": "cy.visit('/admin/dashboard');\ncy.contains('Vue générale du système');\ncy.contains('Utilisateurs');\ncy.contains('Missions');\ncy.contains('Notifications');",
              "err": {
                "message": "AssertionError: Timed out retrying after 4000ms: Expected to find content: 'Vue générale du système' but never did.",
                "estack": "AssertionError: Timed out retrying after 4000ms: Expected to find content: 'Vue générale du système' but never did.\n    at Context.eval (webpack://vite_react_shadcn_ts/./cypress/e2e/adminDashboard.cy.ts:5:0)",
                "diff": null
              },
              "uuid": "f23c726a-b51e-4fd0-80d0-42f94c1f7660",
              "parentUUID": "2d132875-248d-4589-b873-0ce6552c4d07",
              "isHook": false,
              "skipped": false
            },
            {
              "title": "accède à la page logs et affiche le stream live",
              "fullTitle": "Admin Dashboard accède à la page logs et affiche le stream live",
              "timedOut": null,
              "duration": 23938,
              "state": "failed",
              "speed": null,
              "pass": false,
              "fail": true,
              "pending": false,
              "context": null,
              "code": "cy.visit('/admin/logs');\ncy.contains('Logs et indicateurs live');\ncy.contains('Live logs :');\ncy.contains('Logs récents');",
              "err": {
                "message": "AssertionError: Timed out retrying after 4000ms: Expected to find content: 'Logs et indicateurs live' but never did.",
                "estack": "AssertionError: Timed out retrying after 4000ms: Expected to find content: 'Logs et indicateurs live' but never did.\n    at Context.eval (webpack://vite_react_shadcn_ts/./cypress/e2e/adminDashboard.cy.ts:12:0)",
                "diff": null
              },
              "uuid": "f943812d-73c7-4e02-8f51-fad292b4aa57",
              "parentUUID": "2d132875-248d-4589-b873-0ce6552c4d07",
              "isHook": false,
              "skipped": false
            },
            {
              "title": "accède à la page notifications et affiche le résumé",
              "fullTitle": "Admin Dashboard accède à la page notifications et affiche le résumé",
              "timedOut": null,
              "duration": 44169,
              "state": "failed",
              "speed": null,
              "pass": false,
              "fail": true,
              "pending": false,
              "context": null,
              "code": "cy.visit('/admin/notifications');\ncy.contains('Notifications');",
              "err": {
                "message": "AssertionError: Timed out retrying after 4000ms: Expected to find content: 'Notifications' but never did.",
                "estack": "AssertionError: Timed out retrying after 4000ms: Expected to find content: 'Notifications' but never did.\n    at Context.eval (webpack://vite_react_shadcn_ts/./cypress/e2e/adminDashboard.cy.ts:18:0)",
                "diff": null
              },
              "uuid": "3f1caf73-3064-4ff3-91a9-381cca541904",
              "parentUUID": "2d132875-248d-4589-b873-0ce6552c4d07",
              "isHook": false,
              "skipped": false
            }
          ],
          "suites": [],
          "passes": [],
          "failures": [
            "f23c726a-b51e-4fd0-80d0-42f94c1f7660",
            "f943812d-73c7-4e02-8f51-fad292b4aa57",
            "3f1caf73-3064-4ff3-91a9-381cca541904"
          ],
          "pending": [],
          "skipped": [],
          "duration": 154807,
          "root": false,
          "rootEmpty": false,
          "_timeout": 2000
        }
      ],
      "passes": [],
      "failures": [],
      "pending": [],
      "skipped": [],
      "duration": 0,
      "root": true,
      "rootEmpty": true,
      "_timeout": 2000
    }
  ],
  "meta": {
    "mocha": {
      "version": "7.0.1"
    },
    "mochawesome": {
      "options": {
        "quiet": false,
        "reportFilename": "mochawesome",
        "saveHtml": false,
        "saveJson": true,
        "consoleReporter": "spec",
        "useInlineDiffs": false,
        "code": true
      },
      "version": "7.1.3"
    },
    "marge": {
      "options": {
        "reportDir": "cypress/reports",
        "overwrite": false,
        "html": false,
        "json": true
      },
      "version": "6.2.0"
    }
  }
}