{
  "stats": {
    "suites": 1,
    "tests": 4,
    "passes": 0,
    "pending": 0,
    "failures": 4,
    "start": "2025-06-22T06:08:13.124Z",
    "end": "2025-06-22T06:08:17.499Z",
    "duration": 4375,
    "testsRegistered": 4,
    "passPercent": 0,
    "pendingPercent": 0,
    "other": 0,
    "hasOther": false,
    "skipped": 0,
    "hasSkipped": false
  },
  "results": [
    {
      "uuid": "5687cd17-7777-43cf-a6c8-636d89e536e1",
      "title": "",
      "fullFile": "cypress\\e2e\\admin_role_moderation.cy.ts",
      "file": "cypress\\e2e\\admin_role_moderation.cy.ts",
      "beforeHooks": [],
      "afterHooks": [],
      "tests": [],
      "suites": [
        {
          "uuid": "9b352924-1c63-4465-8d18-959b4109019b",
          "title": "Modération des rôles - Admin",
          "fullFile": "",
          "file": "",
          "beforeHooks": [],
          "afterHooks": [],
          "tests": [
            {
              "title": "Accès réservé à l'admin",
              "fullTitle": "Modération des rôles - Admin Accès réservé à l'admin",
              "timedOut": null,
              "duration": 1152,
              "state": "failed",
              "speed": null,
              "pass": false,
              "fail": true,
              "pending": false,
              "context": null,
              "code": "cy.login(admin.email, admin.password);\ncy.visit('/admin/role-requests');\ncy.contains('Demandes de rôles').should('exist');",
              "err": {
                "message": "TypeError: cy.login is not a function",
                "estack": "TypeError: cy.login is not a function\n    at Context.eval (webpack://vite_react_shadcn_ts/./cypress/e2e/admin_role_moderation.cy.ts:7:0)",
                "diff": null
              },
              "uuid": "96b9feb8-692e-4338-999a-0d0f752c56f3",
              "parentUUID": "9b352924-1c63-4465-8d18-959b4109019b",
              "isHook": false,
              "skipped": false
            },
            {
              "title": "Refuse l'accès à un non-admin",
              "fullTitle": "Modération des rôles - Admin Refuse l'accès à un non-admin",
              "timedOut": null,
              "duration": 1236,
              "state": "failed",
              "speed": null,
              "pass": false,
              "fail": true,
              "pending": false,
              "context": null,
              "code": "cy.login(pendingUser.email, 'Password123!');\ncy.visit('/admin/role-requests');\ncy.contains('Accès refusé').should('exist');",
              "err": {
                "message": "TypeError: cy.login is not a function",
                "estack": "TypeError: cy.login is not a function\n    at Context.eval (webpack://vite_react_shadcn_ts/./cypress/e2e/admin_role_moderation.cy.ts:12:0)",
                "diff": null
              },
              "uuid": "bcf0dbf4-6747-48ed-8b51-70285596f94a",
              "parentUUID": "9b352924-1c63-4465-8d18-959b4109019b",
              "isHook": false,
              "skipped": false
            },
            {
              "title": "Admin peut approuver une demande",
              "fullTitle": "Modération des rôles - Admin Admin peut approuver une demande",
              "timedOut": null,
              "duration": 393,
              "state": "failed",
              "speed": null,
              "pass": false,
              "fail": true,
              "pending": false,
              "context": null,
              "code": "cy.login(admin.email, admin.password);\ncy.visit('/admin/role-requests');\ncy.get('[data-cy=approve-btn]').first().click();\ncy.contains('Demande approuvée').should('exist');",
              "err": {
                "message": "TypeError: cy.login is not a function",
                "estack": "TypeError: cy.login is not a function\n    at Context.eval (webpack://vite_react_shadcn_ts/./cypress/e2e/admin_role_moderation.cy.ts:17:0)",
                "diff": null
              },
              "uuid": "d05603e1-9903-414b-9671-d28e3b9b82c9",
              "parentUUID": "9b352924-1c63-4465-8d18-959b4109019b",
              "isHook": false,
              "skipped": false
            },
            {
              "title": "Admin peut rejeter une demande",
              "fullTitle": "Modération des rôles - Admin Admin peut rejeter une demande",
              "timedOut": null,
              "duration": 671,
              "state": "failed",
              "speed": null,
              "pass": false,
              "fail": true,
              "pending": false,
              "context": null,
              "code": "cy.login(admin.email, admin.password);\ncy.visit('/admin/role-requests');\ncy.get('[data-cy=reject-btn]').first().click();\ncy.contains('Demande rejetée').should('exist');",
              "err": {
                "message": "TypeError: cy.login is not a function",
                "estack": "TypeError: cy.login is not a function\n    at Context.eval (webpack://vite_react_shadcn_ts/./cypress/e2e/admin_role_moderation.cy.ts:23:0)",
                "diff": null
              },
              "uuid": "f85f6246-f390-4197-a60c-fd6deb527ab1",
              "parentUUID": "9b352924-1c63-4465-8d18-959b4109019b",
              "isHook": false,
              "skipped": false
            }
          ],
          "suites": [],
          "passes": [],
          "failures": [
            "96b9feb8-692e-4338-999a-0d0f752c56f3",
            "bcf0dbf4-6747-48ed-8b51-70285596f94a",
            "d05603e1-9903-414b-9671-d28e3b9b82c9",
            "f85f6246-f390-4197-a60c-fd6deb527ab1"
          ],
          "pending": [],
          "skipped": [],
          "duration": 3452,
          "root": false,
          "rootEmpty": false,
          "_timeout": 2000
        }
      ],
      "passes": [],
      "failures": [],
      "pending": [],
      "skipped": [],
      "duration": 0,
      "root": true,
      "rootEmpty": true,
      "_timeout": 2000
    }
  ],
  "meta": {
    "mocha": {
      "version": "7.0.1"
    },
    "mochawesome": {
      "options": {
        "quiet": false,
        "reportFilename": "mochawesome",
        "saveHtml": false,
        "saveJson": true,
        "consoleReporter": "spec",
        "useInlineDiffs": false,
        "code": true
      },
      "version": "7.1.3"
    },
    "marge": {
      "options": {
        "reportDir": "cypress/reports",
        "overwrite": false,
        "html": false,
        "json": true
      },
      "version": "6.2.0"
    }
  }
}