{
  "stats": {
    "suites": 1,
    "tests": 3,
    "passes": 0,
    "pending": 0,
    "failures": 3,
    "start": "2025-06-22T06:08:59.449Z",
    "end": "2025-06-22T06:09:01.539Z",
    "duration": 2090,
    "testsRegistered": 3,
    "passPercent": 0,
    "pendingPercent": 0,
    "other": 0,
    "hasOther": false,
    "skipped": 0,
    "hasSkipped": false
  },
  "results": [
    {
      "uuid": "cb706d7b-a02d-4d2f-9096-9d4cac8c6390",
      "title": "",
      "fullFile": "cypress\\e2e\\onboarding_modes.cy.ts",
      "file": "cypress\\e2e\\onboarding_modes.cy.ts",
      "beforeHooks": [],
      "afterHooks": [],
      "tests": [],
      "suites": [
        {
          "uuid": "597cc551-b49b-4129-9cac-ccfb3832e326",
          "title": "Onboarding - Modes d'attribution de rôle",
          "fullFile": "",
          "file": "",
          "beforeHooks": [],
          "afterHooks": [],
          "tests": [
            {
              "title": "Bloque l'accès dashboard si aucun rôle",
              "fullTitle": "Onboarding - Modes d'attribution de rôle Bloque l'accès dashboard si aucun rôle",
              "timedOut": null,
              "duration": 352,
              "state": "failed",
              "speed": null,
              "pass": false,
              "fail": true,
              "pending": false,
              "context": null,
              "code": "cy.login(users.norole.email, users.norole.password);\ncy.visit('/dashboard');\ncy.contains('Aucun rôle attribué').should('exist');\ncy.url().should('include', '/onboarding');",
              "err": {
                "message": "TypeError: cy.login is not a function",
                "estack": "TypeError: cy.login is not a function\n    at Context.eval (webpack://vite_react_shadcn_ts/./cypress/e2e/onboarding_modes.cy.ts:11:0)",
                "diff": null
              },
              "uuid": "e21ef8c5-dd56-489d-8c66-a9a2290b419b",
              "parentUUID": "597cc551-b49b-4129-9cac-ccfb3832e326",
              "isHook": false,
              "skipped": false
            },
            {
              "title": "Bloque dashboard si role_status = pending (hybrid)",
              "fullTitle": "Onboarding - Modes d'attribution de rôle Bloque dashboard si role_status = pending (hybrid)",
              "timedOut": null,
              "duration": 1156,
              "state": "failed",
              "speed": null,
              "pass": false,
              "fail": true,
              "pending": false,
              "context": null,
              "code": "cy.login(users.pending.email, users.pending.password);\ncy.visit('/dashboard');\ncy.contains('Votre demande est en attente').should('exist');",
              "err": {
                "message": "TypeError: cy.login is not a function",
                "estack": "TypeError: cy.login is not a function\n    at Context.eval (webpack://vite_react_shadcn_ts/./cypress/e2e/onboarding_modes.cy.ts:17:0)",
                "diff": null
              },
              "uuid": "574c2415-174d-4616-ab01-122e4723c311",
              "parentUUID": "597cc551-b49b-4129-9cac-ccfb3832e326",
              "isHook": false,
              "skipped": false
            },
            {
              "title": "Accès dashboard si role validé (self_service)",
              "fullTitle": "Onboarding - Modes d'attribution de rôle Accès dashboard si role validé (self_service)",
              "timedOut": null,
              "duration": 322,
              "state": "failed",
              "speed": null,
              "pass": false,
              "fail": true,
              "pending": false,
              "context": null,
              "code": "cy.login(users.self.email, users.self.password);\ncy.visit('/dashboard');\ncy.contains('Bienvenue').should('exist');",
              "err": {
                "message": "TypeError: cy.login is not a function",
                "estack": "TypeError: cy.login is not a function\n    at Context.eval (webpack://vite_react_shadcn_ts/./cypress/e2e/onboarding_modes.cy.ts:22:0)",
                "diff": null
              },
              "uuid": "8df64232-2d40-427f-aaaa-db63c58e5d55",
              "parentUUID": "597cc551-b49b-4129-9cac-ccfb3832e326",
              "isHook": false,
              "skipped": false
            }
          ],
          "suites": [],
          "passes": [],
          "failures": [
            "e21ef8c5-dd56-489d-8c66-a9a2290b419b",
            "574c2415-174d-4616-ab01-122e4723c311",
            "8df64232-2d40-427f-aaaa-db63c58e5d55"
          ],
          "pending": [],
          "skipped": [],
          "duration": 1830,
          "root": false,
          "rootEmpty": false,
          "_timeout": 2000
        }
      ],
      "passes": [],
      "failures": [],
      "pending": [],
      "skipped": [],
      "duration": 0,
      "root": true,
      "rootEmpty": true,
      "_timeout": 2000
    }
  ],
  "meta": {
    "mocha": {
      "version": "7.0.1"
    },
    "mochawesome": {
      "options": {
        "quiet": false,
        "reportFilename": "mochawesome",
        "saveHtml": false,
        "saveJson": true,
        "consoleReporter": "spec",
        "useInlineDiffs": false,
        "code": true
      },
      "version": "7.1.3"
    },
    "marge": {
      "options": {
        "reportDir": "cypress/reports",
        "overwrite": false,
        "html": false,
        "json": true
      },
      "version": "6.2.0"
    }
  }
}