{
  "stats": {
    "suites": 1,
    "tests": 2,
    "passes": 0,
    "pending": 0,
    "failures": 2,
    "start": "2025-08-31T00:45:24.506Z",
    "end": "2025-08-31T00:45:54.146Z",
    "duration": 29640,
    "testsRegistered": 2,
    "passPercent": 0,
    "pendingPercent": 0,
    "other": 0,
    "hasOther": false,
    "skipped": 0,
    "hasSkipped": false
  },
  "results": [
    {
      "uuid": "f1393819-26df-4308-a0cc-e1e8e54e26ad",
      "title": "",
      "fullFile": "cypress\\e2e\\tracking_map.cy.ts",
      "file": "cypress\\e2e\\tracking_map.cy.ts",
      "beforeHooks": [],
      "afterHooks": [],
      "tests": [],
      "suites": [
        {
          "uuid": "f2189f5e-cfd9-40e8-a9bb-95b4e98d0aec",
          "title": "TrackingMap Page",
          "fullFile": "",
          "file": "",
          "beforeHooks": [],
          "afterHooks": [],
          "tests": [
            {
              "title": "affiche la carte avec markers",
              "fullTitle": "TrackingMap Page affiche la carte avec markers",
              "timedOut": null,
              "duration": 18942,
              "state": "failed",
              "speed": null,
              "pass": false,
              "fail": true,
              "pending": false,
              "context": null,
              "code": "cy.intercept(\"GET\", \"**/positions*\", { fixture: \"positions.json\" }).as(\"getPositions\");\ncy.visit(\"/tracking-map\");\ncy.contains(\"Chargement des positions...\");\ncy.wait(\"@getPositions\");\ncy.get(\".mapboxgl-map\").should(\"exist\");\ncy.get(\".mapboxgl-marker\").should(\"have.length.greaterThan\", 0);",
              "err": {
                "message": "AssertionError: Timed out retrying after 4000ms: Expected to find content: 'Chargement des positions...' but never did.",
                "estack": "AssertionError: Timed out retrying after 4000ms: Expected to find content: 'Chargement des positions...' but never did.\n    at Context.eval (webpack://vite_react_shadcn_ts/./cypress/e2e/tracking_map.cy.ts:6:0)",
                "diff": null
              },
              "uuid": "db8403c5-5ee2-41d4-862e-f04c667272e6",
              "parentUUID": "f2189f5e-cfd9-40e8-a9bb-95b4e98d0aec",
              "isHook": false,
              "skipped": false
            },
            {
              "title": "permet de zoomer et déplacer la carte",
              "fullTitle": "TrackingMap Page permet de zoomer et déplacer la carte",
              "timedOut": null,
              "duration": 9556,
              "state": "failed",
              "speed": null,
              "pass": false,
              "fail": true,
              "pending": false,
              "context": null,
              "code": "cy.intercept(\"GET\", \"**/positions*\", { fixture: \"positions.json\" }).as(\"getPositions\");\ncy.visit(\"/tracking-map\");\ncy.wait(\"@getPositions\");\ncy.get(\".mapboxgl-map\").should(\"exist\");\n// Zoom avant\ncy.get('.mapboxgl-ctrl-zoom-in').click();\n// Zoom arrière\ncy.get('.mapboxgl-ctrl-zoom-out').click();\n// Drag (pan)\ncy.get('.mapboxgl-canvas')\n    .trigger('mousedown', { which: 1, pageX: 300, pageY: 300 })\n    .trigger('mousemove', { which: 1, pageX: 350, pageY: 350 })\n    .trigger('mouseup');\n// Vérifie que la carte est toujours affichée\ncy.get(\".mapboxgl-map\").should(\"exist\");",
              "err": {
                "message": "CypressError: Timed out retrying after 5000ms: `cy.wait()` timed out waiting `5000ms` for the 1st request to the route: `getPositions`. No request ever occurred.\n\nhttps://on.cypress.io/wait",
                "estack": "CypressError: Timed out retrying after 5000ms: `cy.wait()` timed out waiting `5000ms` for the 1st request to the route: `getPositions`. No request ever occurred.\n\nhttps://on.cypress.io/wait\n    at cypressErr (http://localhost:5173/__cypress/runner/cypress_runner.js:76065:18)\n    at Object.errByPath (http://localhost:5173/__cypress/runner/cypress_runner.js:76119:10)\n    at checkForXhr (http://localhost:5173/__cypress/runner/cypress_runner.js:135342:84)\n    at <unknown> (http://localhost:5173/__cypress/runner/cypress_runner.js:135368:28)\n    at tryCatcher (http://localhost:5173/__cypress/runner/cypress_runner.js:1830:23)\n    at Promise.attempt.Promise.try (http://localhost:5173/__cypress/runner/cypress_runner.js:4338:29)\n    at whenStable (http://localhost:5173/__cypress/runner/cypress_runner.js:143744:68)\n    at <unknown> (http://localhost:5173/__cypress/runner/cypress_runner.js:143685:14)\n    at tryCatcher (http://localhost:5173/__cypress/runner/cypress_runner.js:1830:23)\n    at Promise._settlePromiseFromHandler (http://localhost:5173/__cypress/runner/cypress_runner.js:1542:31)\n    at Promise._settlePromise (http://localhost:5173/__cypress/runner/cypress_runner.js:1599:18)\n    at Promise._settlePromise0 (http://localhost:5173/__cypress/runner/cypress_runner.js:1644:10)\n    at Promise._settlePromises (http://localhost:5173/__cypress/runner/cypress_runner.js:1724:18)\n    at Promise._fulfill (http://localhost:5173/__cypress/runner/cypress_runner.js:1668:18)\n    at <unknown> (http://localhost:5173/__cypress/runner/cypress_runner.js:5473:46)\nFrom Your Spec Code:\n    at Context.eval (webpack://vite_react_shadcn_ts/./cypress/e2e/tracking_map.cy.ts:14:0)",
                "diff": null
              },
              "uuid": "9169499e-3ed3-40e6-aea4-0cb2ce33a8e2",
              "parentUUID": "f2189f5e-cfd9-40e8-a9bb-95b4e98d0aec",
              "isHook": false,
              "skipped": false
            }
          ],
          "suites": [],
          "passes": [],
          "failures": [
            "db8403c5-5ee2-41d4-862e-f04c667272e6",
            "9169499e-3ed3-40e6-aea4-0cb2ce33a8e2"
          ],
          "pending": [],
          "skipped": [],
          "duration": 28498,
          "root": false,
          "rootEmpty": false,
          "_timeout": 2000
        }
      ],
      "passes": [],
      "failures": [],
      "pending": [],
      "skipped": [],
      "duration": 0,
      "root": true,
      "rootEmpty": true,
      "_timeout": 2000
    }
  ],
  "meta": {
    "mocha": {
      "version": "7.0.1"
    },
    "mochawesome": {
      "options": {
        "quiet": false,
        "reportFilename": "mochawesome",
        "saveHtml": false,
        "saveJson": true,
        "consoleReporter": "spec",
        "useInlineDiffs": false,
        "code": true
      },
      "version": "7.1.3"
    },
    "marge": {
      "options": {
        "reportDir": "cypress/reports",
        "overwrite": false,
        "html": false,
        "json": true
      },
      "version": "6.2.0"
    }
  }
}