{
  "stats": {
    "suites": 1,
    "tests": 4,
    "passes": 0,
    "pending": 0,
    "failures": 4,
    "start": "2025-06-22T06:15:59.742Z",
    "end": "2025-06-22T06:16:15.135Z",
    "duration": 15393,
    "testsRegistered": 4,
    "passPercent": 0,
    "pendingPercent": 0,
    "other": 0,
    "hasOther": false,
    "skipped": 0,
    "hasSkipped": false
  },
  "results": [
    {
      "uuid": "08120270-ac48-412e-bc47-e0b223ff804d",
      "title": "",
      "fullFile": "cypress\\e2e\\admin_role_moderation.cy.ts",
      "file": "cypress\\e2e\\admin_role_moderation.cy.ts",
      "beforeHooks": [],
      "afterHooks": [],
      "tests": [],
      "suites": [
        {
          "uuid": "b84e91c8-f784-4a71-a71b-59d9a1bd25a8",
          "title": "Modération des rôles - Admin",
          "fullFile": "",
          "file": "",
          "beforeHooks": [],
          "afterHooks": [],
          "tests": [
            {
              "title": "Accès réservé à l'admin",
              "fullTitle": "Modération des rôles - Admin Accès réservé à l'admin",
              "timedOut": null,
              "duration": 8425,
              "state": "failed",
              "speed": null,
              "pass": false,
              "fail": true,
              "pending": false,
              "context": null,
              "code": "cy.login(admin.email, admin.password);\ncy.visit('/admin/role-requests');\ncy.contains('Demandes de rôles').should('exist');",
              "err": {
                "message": "CypressError: `cy.request()` failed trying to load:\n\nhttps://your_supabase_project.supabase.co/auth/v1/token?grant_type=password\n\nWe attempted to make an http request to this URL but the request failed without a response.\n\nWe received this error at the network level:\n\n  > Error: getaddrinfo ENOTFOUND your_supabase_project.supabase.co\n\n-----------------------------------------------------------\n\nThe request we sent was:\n\nMethod: POST\nURL: https://your_supabase_project.supabase.co/auth/v1/token?grant_type=password\n\n-----------------------------------------------------------\n\nCommon situations why this would fail:\n  - you don't have internet access\n  - you forgot to run / boot your web server\n  - your web server isn't accessible\n  - you have weird network configuration settings on your computer\n\nhttps://on.cypress.io/request",
                "estack": "CypressError: `cy.request()` failed trying to load:\n\nhttps://your_supabase_project.supabase.co/auth/v1/token?grant_type=password\n\nWe attempted to make an http request to this URL but the request failed without a response.\n\nWe received this error at the network level:\n\n  > Error: getaddrinfo ENOTFOUND your_supabase_project.supabase.co\n\n-----------------------------------------------------------\n\nThe request we sent was:\n\nMethod: POST\nURL: https://your_supabase_project.supabase.co/auth/v1/token?grant_type=password\n\n-----------------------------------------------------------\n\nCommon situations why this would fail:\n  - you don't have internet access\n  - you forgot to run / boot your web server\n  - your web server isn't accessible\n  - you have weird network configuration settings on your computer\n\nhttps://on.cypress.io/request\n    at <unknown> (http://localhost:5173/__cypress/runner/cypress_runner.js:133151:70)\n    at tryCatcher (http://localhost:5173/__cypress/runner/cypress_runner.js:1807:23)\n    at <unknown> (http://localhost:5173/__cypress/runner/cypress_runner.js:4203:37)\n    at tryCatcher (http://localhost:5173/__cypress/runner/cypress_runner.js:1807:23)\n    at Promise._settlePromiseFromHandler (http://localhost:5173/__cypress/runner/cypress_runner.js:1519:31)\n    at Promise._settlePromise (http://localhost:5173/__cypress/runner/cypress_runner.js:1576:18)\n    at Promise._settlePromise0 (http://localhost:5173/__cypress/runner/cypress_runner.js:1621:10)\n    at Promise._settlePromises (http://localhost:5173/__cypress/runner/cypress_runner.js:1697:18)\n    at _drainQueueStep (http://localhost:5173/__cypress/runner/cypress_runner.js:2407:12)\n    at _drainQueue (http://localhost:5173/__cypress/runner/cypress_runner.js:2400:9)\n    at Async._drainQueues (http://localhost:5173/__cypress/runner/cypress_runner.js:2416:5)\n    at Async.drainQueues (http://localhost:5173/__cypress/runner/cypress_runner.js:2286:14)\nFrom Your Spec Code:\n    at Context.eval (webpack://vite_react_shadcn_ts/./cypress/support/commands.ts:16:0)\n\nFrom Node.js Internals:\n  RequestError: Error: getaddrinfo ENOTFOUND your_supabase_project.supabase.co\n      at new r (<embedded>:1831:404372)\n      at ee.callback (<embedded>:1831:410373)\n      at e.callback.s.callback [as _callback] (<embedded>:1831:409819)\n      at s._callback.s.callback.s.callback (<embedded>:2049:91633)\n      at ee.emit (node:events:514:28)\n      at ee.onRequestError (<embedded>:2049:100575)\n      at ClientRequest.emit (node:events:526:35)\n      at TLSSocket.socketErrorListener (node:_http_client:501:9)\n      at TLSSocket.emit (node:events:514:28)\n      at emitErrorNT (node:internal/streams/destroy:151:8)\n      at emitErrorCloseNT (node:internal/streams/destroy:116:3)\n      at process.processTicksAndRejections (node:internal/process/task_queues:82:21)",
                "diff": null
              },
              "uuid": "c23b0a8f-1db9-4b9e-9cb2-849bd9bf6beb",
              "parentUUID": "b84e91c8-f784-4a71-a71b-59d9a1bd25a8",
              "isHook": false,
              "skipped": false
            },
            {
              "title": "Refuse l'accès à un non-admin",
              "fullTitle": "Modération des rôles - Admin Refuse l'accès à un non-admin",
              "timedOut": null,
              "duration": 1758,
              "state": "failed",
              "speed": null,
              "pass": false,
              "fail": true,
              "pending": false,
              "context": null,
              "code": "cy.login(pendingUser.email, 'Password123!');\ncy.visit('/admin/role-requests');\ncy.contains('Accès refusé').should('exist');",
              "err": {
                "message": "CypressError: `cy.request()` failed trying to load:\n\nhttps://your_supabase_project.supabase.co/auth/v1/token?grant_type=password\n\nWe attempted to make an http request to this URL but the request failed without a response.\n\nWe received this error at the network level:\n\n  > Error: getaddrinfo ENOTFOUND your_supabase_project.supabase.co\n\n-----------------------------------------------------------\n\nThe request we sent was:\n\nMethod: POST\nURL: https://your_supabase_project.supabase.co/auth/v1/token?grant_type=password\n\n-----------------------------------------------------------\n\nCommon situations why this would fail:\n  - you don't have internet access\n  - you forgot to run / boot your web server\n  - your web server isn't accessible\n  - you have weird network configuration settings on your computer\n\nhttps://on.cypress.io/request",
                "estack": "CypressError: `cy.request()` failed trying to load:\n\nhttps://your_supabase_project.supabase.co/auth/v1/token?grant_type=password\n\nWe attempted to make an http request to this URL but the request failed without a response.\n\nWe received this error at the network level:\n\n  > Error: getaddrinfo ENOTFOUND your_supabase_project.supabase.co\n\n-----------------------------------------------------------\n\nThe request we sent was:\n\nMethod: POST\nURL: https://your_supabase_project.supabase.co/auth/v1/token?grant_type=password\n\n-----------------------------------------------------------\n\nCommon situations why this would fail:\n  - you don't have internet access\n  - you forgot to run / boot your web server\n  - your web server isn't accessible\n  - you have weird network configuration settings on your computer\n\nhttps://on.cypress.io/request\n    at <unknown> (http://localhost:5173/__cypress/runner/cypress_runner.js:133151:70)\n    at tryCatcher (http://localhost:5173/__cypress/runner/cypress_runner.js:1807:23)\n    at <unknown> (http://localhost:5173/__cypress/runner/cypress_runner.js:4203:37)\n    at tryCatcher (http://localhost:5173/__cypress/runner/cypress_runner.js:1807:23)\n    at Promise._settlePromiseFromHandler (http://localhost:5173/__cypress/runner/cypress_runner.js:1519:31)\n    at Promise._settlePromise (http://localhost:5173/__cypress/runner/cypress_runner.js:1576:18)\n    at Promise._settlePromise0 (http://localhost:5173/__cypress/runner/cypress_runner.js:1621:10)\n    at Promise._settlePromises (http://localhost:5173/__cypress/runner/cypress_runner.js:1697:18)\n    at _drainQueueStep (http://localhost:5173/__cypress/runner/cypress_runner.js:2407:12)\n    at _drainQueue (http://localhost:5173/__cypress/runner/cypress_runner.js:2400:9)\n    at Async._drainQueues (http://localhost:5173/__cypress/runner/cypress_runner.js:2416:5)\n    at Async.drainQueues (http://localhost:5173/__cypress/runner/cypress_runner.js:2286:14)\nFrom Your Spec Code:\n    at Context.eval (webpack://vite_react_shadcn_ts/./cypress/support/commands.ts:16:0)\n\nFrom Node.js Internals:\n  RequestError: Error: getaddrinfo ENOTFOUND your_supabase_project.supabase.co\n      at new r (<embedded>:1831:404372)\n      at ee.callback (<embedded>:1831:410373)\n      at e.callback.s.callback [as _callback] (<embedded>:1831:409819)\n      at s._callback.s.callback.s.callback (<embedded>:2049:91633)\n      at ee.emit (node:events:514:28)\n      at ee.onRequestError (<embedded>:2049:100575)\n      at ClientRequest.emit (node:events:526:35)\n      at TLSSocket.socketErrorListener (node:_http_client:501:9)\n      at TLSSocket.emit (node:events:514:28)\n      at emitErrorNT (node:internal/streams/destroy:151:8)\n      at emitErrorCloseNT (node:internal/streams/destroy:116:3)\n      at process.processTicksAndRejections (node:internal/process/task_queues:82:21)",
                "diff": null
              },
              "uuid": "ee5f65bf-c989-4e17-b45b-d6696e41e893",
              "parentUUID": "b84e91c8-f784-4a71-a71b-59d9a1bd25a8",
              "isHook": false,
              "skipped": false
            },
            {
              "title": "Admin peut approuver une demande",
              "fullTitle": "Modération des rôles - Admin Admin peut approuver une demande",
              "timedOut": null,
              "duration": 1268,
              "state": "failed",
              "speed": null,
              "pass": false,
              "fail": true,
              "pending": false,
              "context": null,
              "code": "cy.login(admin.email, admin.password);\ncy.visit('/admin/role-requests');\ncy.get('[data-cy=approve-btn]').first().click();\ncy.contains('Demande approuvée').should('exist');",
              "err": {
                "message": "CypressError: `cy.request()` failed trying to load:\n\nhttps://your_supabase_project.supabase.co/auth/v1/token?grant_type=password\n\nWe attempted to make an http request to this URL but the request failed without a response.\n\nWe received this error at the network level:\n\n  > Error: getaddrinfo ENOTFOUND your_supabase_project.supabase.co\n\n-----------------------------------------------------------\n\nThe request we sent was:\n\nMethod: POST\nURL: https://your_supabase_project.supabase.co/auth/v1/token?grant_type=password\n\n-----------------------------------------------------------\n\nCommon situations why this would fail:\n  - you don't have internet access\n  - you forgot to run / boot your web server\n  - your web server isn't accessible\n  - you have weird network configuration settings on your computer\n\nhttps://on.cypress.io/request",
                "estack": "CypressError: `cy.request()` failed trying to load:\n\nhttps://your_supabase_project.supabase.co/auth/v1/token?grant_type=password\n\nWe attempted to make an http request to this URL but the request failed without a response.\n\nWe received this error at the network level:\n\n  > Error: getaddrinfo ENOTFOUND your_supabase_project.supabase.co\n\n-----------------------------------------------------------\n\nThe request we sent was:\n\nMethod: POST\nURL: https://your_supabase_project.supabase.co/auth/v1/token?grant_type=password\n\n-----------------------------------------------------------\n\nCommon situations why this would fail:\n  - you don't have internet access\n  - you forgot to run / boot your web server\n  - your web server isn't accessible\n  - you have weird network configuration settings on your computer\n\nhttps://on.cypress.io/request\n    at <unknown> (http://localhost:5173/__cypress/runner/cypress_runner.js:133151:70)\n    at tryCatcher (http://localhost:5173/__cypress/runner/cypress_runner.js:1807:23)\n    at <unknown> (http://localhost:5173/__cypress/runner/cypress_runner.js:4203:37)\n    at tryCatcher (http://localhost:5173/__cypress/runner/cypress_runner.js:1807:23)\n    at Promise._settlePromiseFromHandler (http://localhost:5173/__cypress/runner/cypress_runner.js:1519:31)\n    at Promise._settlePromise (http://localhost:5173/__cypress/runner/cypress_runner.js:1576:18)\n    at Promise._settlePromise0 (http://localhost:5173/__cypress/runner/cypress_runner.js:1621:10)\n    at Promise._settlePromises (http://localhost:5173/__cypress/runner/cypress_runner.js:1697:18)\n    at _drainQueueStep (http://localhost:5173/__cypress/runner/cypress_runner.js:2407:12)\n    at _drainQueue (http://localhost:5173/__cypress/runner/cypress_runner.js:2400:9)\n    at Async._drainQueues (http://localhost:5173/__cypress/runner/cypress_runner.js:2416:5)\n    at Async.drainQueues (http://localhost:5173/__cypress/runner/cypress_runner.js:2286:14)\nFrom Your Spec Code:\n    at Context.eval (webpack://vite_react_shadcn_ts/./cypress/support/commands.ts:16:0)\n\nFrom Node.js Internals:\n  RequestError: Error: getaddrinfo ENOTFOUND your_supabase_project.supabase.co\n      at new r (<embedded>:1831:404372)\n      at ee.callback (<embedded>:1831:410373)\n      at e.callback.s.callback [as _callback] (<embedded>:1831:409819)\n      at s._callback.s.callback.s.callback (<embedded>:2049:91633)\n      at ee.emit (node:events:514:28)\n      at ee.onRequestError (<embedded>:2049:100575)\n      at ClientRequest.emit (node:events:526:35)\n      at TLSSocket.socketErrorListener (node:_http_client:501:9)\n      at TLSSocket.emit (node:events:514:28)\n      at emitErrorNT (node:internal/streams/destroy:151:8)\n      at emitErrorCloseNT (node:internal/streams/destroy:116:3)\n      at process.processTicksAndRejections (node:internal/process/task_queues:82:21)",
                "diff": null
              },
              "uuid": "20386e5d-cb32-4ce7-9aed-03fe723df2fb",
              "parentUUID": "b84e91c8-f784-4a71-a71b-59d9a1bd25a8",
              "isHook": false,
              "skipped": false
            },
            {
              "title": "Admin peut rejeter une demande",
              "fullTitle": "Modération des rôles - Admin Admin peut rejeter une demande",
              "timedOut": null,
              "duration": 1946,
              "state": "failed",
              "speed": null,
              "pass": false,
              "fail": true,
              "pending": false,
              "context": null,
              "code": "cy.login(admin.email, admin.password);\ncy.visit('/admin/role-requests');\ncy.get('[data-cy=reject-btn]').first().click();\ncy.contains('Demande rejetée').should('exist');",
              "err": {
                "message": "CypressError: `cy.request()` failed trying to load:\n\nhttps://your_supabase_project.supabase.co/auth/v1/token?grant_type=password\n\nWe attempted to make an http request to this URL but the request failed without a response.\n\nWe received this error at the network level:\n\n  > Error: getaddrinfo ENOTFOUND your_supabase_project.supabase.co\n\n-----------------------------------------------------------\n\nThe request we sent was:\n\nMethod: POST\nURL: https://your_supabase_project.supabase.co/auth/v1/token?grant_type=password\n\n-----------------------------------------------------------\n\nCommon situations why this would fail:\n  - you don't have internet access\n  - you forgot to run / boot your web server\n  - your web server isn't accessible\n  - you have weird network configuration settings on your computer\n\nhttps://on.cypress.io/request",
                "estack": "CypressError: `cy.request()` failed trying to load:\n\nhttps://your_supabase_project.supabase.co/auth/v1/token?grant_type=password\n\nWe attempted to make an http request to this URL but the request failed without a response.\n\nWe received this error at the network level:\n\n  > Error: getaddrinfo ENOTFOUND your_supabase_project.supabase.co\n\n-----------------------------------------------------------\n\nThe request we sent was:\n\nMethod: POST\nURL: https://your_supabase_project.supabase.co/auth/v1/token?grant_type=password\n\n-----------------------------------------------------------\n\nCommon situations why this would fail:\n  - you don't have internet access\n  - you forgot to run / boot your web server\n  - your web server isn't accessible\n  - you have weird network configuration settings on your computer\n\nhttps://on.cypress.io/request\n    at <unknown> (http://localhost:5173/__cypress/runner/cypress_runner.js:133151:70)\n    at tryCatcher (http://localhost:5173/__cypress/runner/cypress_runner.js:1807:23)\n    at <unknown> (http://localhost:5173/__cypress/runner/cypress_runner.js:4203:37)\n    at tryCatcher (http://localhost:5173/__cypress/runner/cypress_runner.js:1807:23)\n    at Promise._settlePromiseFromHandler (http://localhost:5173/__cypress/runner/cypress_runner.js:1519:31)\n    at Promise._settlePromise (http://localhost:5173/__cypress/runner/cypress_runner.js:1576:18)\n    at Promise._settlePromise0 (http://localhost:5173/__cypress/runner/cypress_runner.js:1621:10)\n    at Promise._settlePromises (http://localhost:5173/__cypress/runner/cypress_runner.js:1697:18)\n    at _drainQueueStep (http://localhost:5173/__cypress/runner/cypress_runner.js:2407:12)\n    at _drainQueue (http://localhost:5173/__cypress/runner/cypress_runner.js:2400:9)\n    at Async._drainQueues (http://localhost:5173/__cypress/runner/cypress_runner.js:2416:5)\n    at Async.drainQueues (http://localhost:5173/__cypress/runner/cypress_runner.js:2286:14)\nFrom Your Spec Code:\n    at Context.eval (webpack://vite_react_shadcn_ts/./cypress/support/commands.ts:16:0)\n\nFrom Node.js Internals:\n  RequestError: Error: getaddrinfo ENOTFOUND your_supabase_project.supabase.co\n      at new r (<embedded>:1831:404372)\n      at ee.callback (<embedded>:1831:410373)\n      at e.callback.s.callback [as _callback] (<embedded>:1831:409819)\n      at s._callback.s.callback.s.callback (<embedded>:2049:91633)\n      at ee.emit (node:events:514:28)\n      at ee.onRequestError (<embedded>:2049:100575)\n      at ClientRequest.emit (node:events:526:35)\n      at TLSSocket.socketErrorListener (node:_http_client:501:9)\n      at TLSSocket.emit (node:events:514:28)\n      at emitErrorNT (node:internal/streams/destroy:151:8)\n      at emitErrorCloseNT (node:internal/streams/destroy:116:3)\n      at process.processTicksAndRejections (node:internal/process/task_queues:82:21)",
                "diff": null
              },
              "uuid": "d6d6fcd4-014b-426a-a870-d070e495a7fa",
              "parentUUID": "b84e91c8-f784-4a71-a71b-59d9a1bd25a8",
              "isHook": false,
              "skipped": false
            }
          ],
          "suites": [],
          "passes": [],
          "failures": [
            "c23b0a8f-1db9-4b9e-9cb2-849bd9bf6beb",
            "ee5f65bf-c989-4e17-b45b-d6696e41e893",
            "20386e5d-cb32-4ce7-9aed-03fe723df2fb",
            "d6d6fcd4-014b-426a-a870-d070e495a7fa"
          ],
          "pending": [],
          "skipped": [],
          "duration": 13397,
          "root": false,
          "rootEmpty": false,
          "_timeout": 2000
        }
      ],
      "passes": [],
      "failures": [],
      "pending": [],
      "skipped": [],
      "duration": 0,
      "root": true,
      "rootEmpty": true,
      "_timeout": 2000
    }
  ],
  "meta": {
    "mocha": {
      "version": "7.0.1"
    },
    "mochawesome": {
      "options": {
        "quiet": false,
        "reportFilename": "mochawesome",
        "saveHtml": false,
        "saveJson": true,
        "consoleReporter": "spec",
        "useInlineDiffs": false,
        "code": true
      },
      "version": "7.1.3"
    },
    "marge": {
      "options": {
        "reportDir": "cypress/reports",
        "overwrite": false,
        "html": false,
        "json": true
      },
      "version": "6.2.0"
    }
  }
}