{
  "stats": {
    "suites": 1,
    "tests": 1,
    "passes": 0,
    "pending": 0,
    "failures": 1,
    "start": "2025-06-22T06:08:43.257Z",
    "end": "2025-06-22T06:08:47.638Z",
    "duration": 4381,
    "testsRegistered": 5,
    "passPercent": 0,
    "pendingPercent": 0,
    "other": 0,
    "hasOther": false,
    "skipped": 4,
    "hasSkipped": true
  },
  "results": [
    {
      "uuid": "6d347963-6e9e-4e93-a242-9496395338a6",
      "title": "",
      "fullFile": "cypress\\e2e\\client_dashboard.cy.ts",
      "file": "cypress\\e2e\\client_dashboard.cy.ts",
      "beforeHooks": [],
      "afterHooks": [],
      "tests": [],
      "suites": [
        {
          "uuid": "e4afeda3-e349-4933-acc3-2ff9ec67c429",
          "title": "Client Dashboard - Parcours complet",
          "fullFile": "",
          "file": "",
          "beforeHooks": [],
          "afterHooks": [],
          "tests": [
            {
              "title": "Affiche les sections principales du dashboard",
              "fullTitle": "Client Dashboard - Parcours complet Affiche les sections principales du dashboard",
              "timedOut": null,
              "duration": 4282,
              "state": "failed",
              "speed": null,
              "pass": false,
              "fail": true,
              "pending": false,
              "context": null,
              "code": "cy.contains('Tableau de bord Client');\ncy.contains('Missions en cours');\ncy.contains('Factures récentes');\ncy.contains('Notifications');",
              "err": {
                "message": "SyntaxError: The following error originated from your application code, not from Cypress.\n\n  > Identifier 'LogOut' has already been declared\n\nWhen Cypress detects uncaught errors originating from your application it will automatically fail the current test.\n\nThis behavior is configurable, and you can choose to turn this off by listening to the `uncaught:exception` event.\n\nhttps://on.cypress.io/uncaught-exception-from-application\n\nBecause this error occurred during a `before all` hook we are skipping the remaining tests in the current suite: `Client Dashboard - Parcours...`",
                "estack": "SyntaxError: The following error originated from your application code, not from Cypress.\n\n  > Identifier 'LogOut' has already been declared\n\nWhen Cypress detects uncaught errors originating from your application it will automatically fail the current test.\n\nThis behavior is configurable, and you can choose to turn this off by listening to the `uncaught:exception` event.\n\nhttps://on.cypress.io/uncaught-exception-from-application\n\nBecause this error occurred during a `before all` hook we are skipping the remaining tests in the current suite: `Client Dashboard - Parcours...`",
                "diff": null
              },
              "uuid": "8c208aa6-cd0d-41e4-a909-7dc60c511ade",
              "parentUUID": "e4afeda3-e349-4933-acc3-2ff9ec67c429",
              "isHook": false,
              "skipped": false
            },
            {
              "title": "Affiche les missions assignées",
              "fullTitle": "Client Dashboard - Parcours complet Affiche les missions assignées",
              "timedOut": null,
              "duration": 0,
              "state": "skipped",
              "speed": null,
              "pass": false,
              "fail": false,
              "pending": false,
              "context": null,
              "code": "cy.get('section').contains('Missions en cours').parent().within(function () {\n    cy.get('li').should('have.length.gte', 1);\n});",
              "err": {},
              "uuid": "87000fee-e1e6-425e-8c89-6b9acbede344",
              "parentUUID": "e4afeda3-e349-4933-acc3-2ff9ec67c429",
              "isHook": false,
              "skipped": true
            },
            {
              "title": "Affiche les factures du client",
              "fullTitle": "Client Dashboard - Parcours complet Affiche les factures du client",
              "timedOut": null,
              "duration": 0,
              "state": "skipped",
              "speed": null,
              "pass": false,
              "fail": false,
              "pending": false,
              "context": null,
              "code": "cy.get('section').contains('Factures récentes').parent().within(function () {\n    cy.get('li').should('have.length.gte', 1);\n});",
              "err": {},
              "uuid": "00e0897f-1145-44fa-9214-88517954a420",
              "parentUUID": "e4afeda3-e349-4933-acc3-2ff9ec67c429",
              "isHook": false,
              "skipped": true
            },
            {
              "title": "Affiche les notifications",
              "fullTitle": "Client Dashboard - Parcours complet Affiche les notifications",
              "timedOut": null,
              "duration": 0,
              "state": "skipped",
              "speed": null,
              "pass": false,
              "fail": false,
              "pending": false,
              "context": null,
              "code": "cy.get('section').contains('Notifications').parent().within(function () {\n    cy.get('li').should('have.length.gte', 1);\n});",
              "err": {},
              "uuid": "9e8a0af9-dc3b-4401-810d-545c5fb8b0a6",
              "parentUUID": "e4afeda3-e349-4933-acc3-2ff9ec67c429",
              "isHook": false,
              "skipped": true
            },
            {
              "title": "Permet de se déconnecter proprement",
              "fullTitle": "Client Dashboard - Parcours complet Permet de se déconnecter proprement",
              "timedOut": null,
              "duration": 0,
              "state": "skipped",
              "speed": null,
              "pass": false,
              "fail": false,
              "pending": false,
              "context": null,
              "code": "cy.get('button').contains('Déconnexion').click();\ncy.url().should('include', '/login');",
              "err": {},
              "uuid": "fb67746c-1390-4770-a2d7-04acaadd7974",
              "parentUUID": "e4afeda3-e349-4933-acc3-2ff9ec67c429",
              "isHook": false,
              "skipped": true
            }
          ],
          "suites": [],
          "passes": [],
          "failures": [
            "8c208aa6-cd0d-41e4-a909-7dc60c511ade"
          ],
          "pending": [],
          "skipped": [
            "87000fee-e1e6-425e-8c89-6b9acbede344",
            "00e0897f-1145-44fa-9214-88517954a420",
            "9e8a0af9-dc3b-4401-810d-545c5fb8b0a6",
            "fb67746c-1390-4770-a2d7-04acaadd7974"
          ],
          "duration": 4282,
          "root": false,
          "rootEmpty": false,
          "_timeout": 2000
        }
      ],
      "passes": [],
      "failures": [],
      "pending": [],
      "skipped": [],
      "duration": 0,
      "root": true,
      "rootEmpty": true,
      "_timeout": 2000
    }
  ],
  "meta": {
    "mocha": {
      "version": "7.0.1"
    },
    "mochawesome": {
      "options": {
        "quiet": false,
        "reportFilename": "mochawesome",
        "saveHtml": false,
        "saveJson": true,
        "consoleReporter": "spec",
        "useInlineDiffs": false,
        "code": true
      },
      "version": "7.1.3"
    },
    "marge": {
      "options": {
        "reportDir": "cypress/reports",
        "overwrite": false,
        "html": false,
        "json": true
      },
      "version": "6.2.0"
    }
  }
}