{
  "stats": {
    "suites": 1,
    "tests": 3,
    "passes": 1,
    "pending": 0,
    "failures": 2,
    "start": "2025-08-28T19:32:50.099Z",
    "end": "2025-08-28T19:34:03.917Z",
    "duration": 73818,
    "testsRegistered": 3,
    "passPercent": 33.33333333333333,
    "pendingPercent": 0,
    "other": 0,
    "hasOther": false,
    "skipped": 0,
    "hasSkipped": false
  },
  "results": [
    {
      "uuid": "35417b3b-4a4a-49fa-8e03-c3ee138127d2",
      "title": "",
      "fullFile": "cypress\\e2e\\onboarding_modes.cy.ts",
      "file": "cypress\\e2e\\onboarding_modes.cy.ts",
      "beforeHooks": [],
      "afterHooks": [],
      "tests": [],
      "suites": [
        {
          "uuid": "130830e6-6273-4d33-b7cf-e6e09c706fb0",
          "title": "Onboarding - Modes d'attribution de rôle",
          "fullFile": "",
          "file": "",
          "beforeHooks": [],
          "afterHooks": [],
          "tests": [
            {
              "title": "Bloque l'accès dashboard si aucun rôle",
              "fullTitle": "Onboarding - Modes d'attribution de rôle Bloque l'accès dashboard si aucun rôle",
              "timedOut": null,
              "duration": 29406,
              "state": "failed",
              "speed": null,
              "pass": false,
              "fail": true,
              "pending": false,
              "context": null,
              "code": "cy.login(users.norole.email, users.norole.password);\ncy.visit('/dashboard');\ncy.contains('Aucun rôle attribué').should('exist');\ncy.url().should('include', '/onboarding');",
              "err": {
                "message": "AssertionError: Timed out retrying after 4000ms: Expected to find content: 'Aucun rôle attribué' but never did.",
                "estack": "AssertionError: Timed out retrying after 4000ms: Expected to find content: 'Aucun rôle attribué' but never did.\n    at Context.eval (webpack://vite_react_shadcn_ts/./cypress/e2e/onboarding_modes.cy.ts:13:0)",
                "diff": null
              },
              "uuid": "dd73cb65-1162-4df0-be3a-4c1925deabe3",
              "parentUUID": "130830e6-6273-4d33-b7cf-e6e09c706fb0",
              "isHook": false,
              "skipped": false
            },
            {
              "title": "Bloque dashboard si role_status = pending (hybrid)",
              "fullTitle": "Onboarding - Modes d'attribution de rôle Bloque dashboard si role_status = pending (hybrid)",
              "timedOut": null,
              "duration": 25584,
              "state": "failed",
              "speed": null,
              "pass": false,
              "fail": true,
              "pending": false,
              "context": null,
              "code": "cy.login(users.pending.email, users.pending.password);\ncy.visit('/dashboard');\ncy.contains('Votre demande est en attente').should('exist');",
              "err": {
                "message": "AssertionError: Timed out retrying after 4000ms: Expected to find content: 'Votre demande est en attente' but never did.",
                "estack": "AssertionError: Timed out retrying after 4000ms: Expected to find content: 'Votre demande est en attente' but never did.\n    at Context.eval (webpack://vite_react_shadcn_ts/./cypress/e2e/onboarding_modes.cy.ts:19:0)",
                "diff": null
              },
              "uuid": "fbbac5b8-a4a0-4b72-a847-8f9dc656440a",
              "parentUUID": "130830e6-6273-4d33-b7cf-e6e09c706fb0",
              "isHook": false,
              "skipped": false
            },
            {
              "title": "Accès dashboard si role validé (self_service)",
              "fullTitle": "Onboarding - Modes d'attribution de rôle Accès dashboard si role validé (self_service)",
              "timedOut": null,
              "duration": 18171,
              "state": "passed",
              "speed": "slow",
              "pass": true,
              "fail": false,
              "pending": false,
              "context": null,
              "code": "cy.login(users.self.email, users.self.password);\ncy.visit('/dashboard');\ncy.contains('Bienvenue').should('exist');",
              "err": {},
              "uuid": "e75e7b19-60ca-4341-9736-a5a38228cc11",
              "parentUUID": "130830e6-6273-4d33-b7cf-e6e09c706fb0",
              "isHook": false,
              "skipped": false
            }
          ],
          "suites": [],
          "passes": [
            "e75e7b19-60ca-4341-9736-a5a38228cc11"
          ],
          "failures": [
            "dd73cb65-1162-4df0-be3a-4c1925deabe3",
            "fbbac5b8-a4a0-4b72-a847-8f9dc656440a"
          ],
          "pending": [],
          "skipped": [],
          "duration": 73161,
          "root": false,
          "rootEmpty": false,
          "_timeout": 2000
        }
      ],
      "passes": [],
      "failures": [],
      "pending": [],
      "skipped": [],
      "duration": 0,
      "root": true,
      "rootEmpty": true,
      "_timeout": 2000
    }
  ],
  "meta": {
    "mocha": {
      "version": "7.0.1"
    },
    "mochawesome": {
      "options": {
        "quiet": false,
        "reportFilename": "mochawesome",
        "saveHtml": false,
        "saveJson": true,
        "consoleReporter": "spec",
        "useInlineDiffs": false,
        "code": true
      },
      "version": "7.1.3"
    },
    "marge": {
      "options": {
        "reportDir": "cypress/reports",
        "overwrite": false,
        "html": false,
        "json": true
      },
      "version": "6.2.0"
    }
  }
}