{
  "stats": {
    "suites": 1,
    "tests": 3,
    "passes": 2,
    "pending": 0,
    "failures": 1,
    "start": "2025-08-28T19:34:49.617Z",
    "end": "2025-08-28T19:35:45.880Z",
    "duration": 56263,
    "testsRegistered": 3,
    "passPercent": 66.66666666666666,
    "pendingPercent": 0,
    "other": 0,
    "hasOther": false,
    "skipped": 0,
    "hasSkipped": false
  },
  "results": [
    {
      "uuid": "7020adc0-f8a6-46d0-aaa0-d1a564b95ea6",
      "title": "",
      "fullFile": "cypress\\e2e\\route_protection.cy.ts",
      "file": "cypress\\e2e\\route_protection.cy.ts",
      "beforeHooks": [],
      "afterHooks": [],
      "tests": [],
      "suites": [
        {
          "uuid": "1e4418a6-6541-4afb-9a59-62c5f88fbc1f",
          "title": "Protection des routes",
          "fullFile": "",
          "file": "",
          "beforeHooks": [],
          "afterHooks": [],
          "tests": [
            {
              "title": "Bloque /dashboard si pas de rôle validé",
              "fullTitle": "Protection des routes Bloque /dashboard si pas de rôle validé",
              "timedOut": null,
              "duration": 24472,
              "state": "passed",
              "speed": "slow",
              "pass": true,
              "fail": false,
              "pending": false,
              "context": null,
              "code": "cy.login(users.norole.email, users.norole.password);\ncy.visit('/dashboard');\ncy.url().should('include', '/onboarding');",
              "err": {},
              "uuid": "4959aaa7-bb64-4854-97d0-c49b08bf09cf",
              "parentUUID": "1e4418a6-6541-4afb-9a59-62c5f88fbc1f",
              "isHook": false,
              "skipped": false
            },
            {
              "title": "Autorise /dashboard si role_status = approved",
              "fullTitle": "Protection des routes Autorise /dashboard si role_status = approved",
              "timedOut": null,
              "duration": 15473,
              "state": "passed",
              "speed": "slow",
              "pass": true,
              "fail": false,
              "pending": false,
              "context": null,
              "code": "cy.login(users.self.email, users.self.password);\ncy.visit('/dashboard');\ncy.contains('Bienvenue').should('exist');",
              "err": {},
              "uuid": "a8494573-6a73-4bb6-a6bf-a58ece0bb173",
              "parentUUID": "1e4418a6-6541-4afb-9a59-62c5f88fbc1f",
              "isHook": false,
              "skipped": false
            },
            {
              "title": "Autorise /admin/dashboard pour admin uniquement",
              "fullTitle": "Protection des routes Autorise /admin/dashboard pour admin uniquement",
              "timedOut": null,
              "duration": 15919,
              "state": "failed",
              "speed": null,
              "pass": false,
              "fail": true,
              "pending": false,
              "context": null,
              "code": "cy.login(users.admin.email, users.admin.password);\ncy.visit('/admin/dashboard');\ncy.contains('Admin').should('exist');",
              "err": {
                "message": "AssertionError: Timed out retrying after 4000ms: Expected to find content: 'Admin' but never did.",
                "estack": "AssertionError: Timed out retrying after 4000ms: Expected to find content: 'Admin' but never did.\n    at Context.eval (webpack://vite_react_shadcn_ts/./cypress/e2e/route_protection.cy.ts:23:0)",
                "diff": null
              },
              "uuid": "dd85f6b8-ba89-4638-9e09-8f18800a487e",
              "parentUUID": "1e4418a6-6541-4afb-9a59-62c5f88fbc1f",
              "isHook": false,
              "skipped": false
            }
          ],
          "suites": [],
          "passes": [
            "4959aaa7-bb64-4854-97d0-c49b08bf09cf",
            "a8494573-6a73-4bb6-a6bf-a58ece0bb173"
          ],
          "failures": [
            "dd85f6b8-ba89-4638-9e09-8f18800a487e"
          ],
          "pending": [],
          "skipped": [],
          "duration": 55864,
          "root": false,
          "rootEmpty": false,
          "_timeout": 2000
        }
      ],
      "passes": [],
      "failures": [],
      "pending": [],
      "skipped": [],
      "duration": 0,
      "root": true,
      "rootEmpty": true,
      "_timeout": 2000
    }
  ],
  "meta": {
    "mocha": {
      "version": "7.0.1"
    },
    "mochawesome": {
      "options": {
        "quiet": false,
        "reportFilename": "mochawesome",
        "saveHtml": false,
        "saveJson": true,
        "consoleReporter": "spec",
        "useInlineDiffs": false,
        "code": true
      },
      "version": "7.1.3"
    },
    "marge": {
      "options": {
        "reportDir": "cypress/reports",
        "overwrite": false,
        "html": false,
        "json": true
      },
      "version": "6.2.0"
    }
  }
}