{
  "stats": {
    "suites": 1,
    "tests": 4,
    "passes": 0,
    "pending": 0,
    "failures": 4,
    "start": "2025-08-28T19:21:52.281Z",
    "end": "2025-08-28T19:24:24.401Z",
    "duration": 152120,
    "testsRegistered": 4,
    "passPercent": 0,
    "pendingPercent": 0,
    "other": 0,
    "hasOther": false,
    "skipped": 0,
    "hasSkipped": false
  },
  "results": [
    {
      "uuid": "8d8d51d2-9451-4906-91d2-e9ab02546121",
      "title": "",
      "fullFile": "cypress\\e2e\\admin_role_moderation.cy.ts",
      "file": "cypress\\e2e\\admin_role_moderation.cy.ts",
      "beforeHooks": [],
      "afterHooks": [],
      "tests": [],
      "suites": [
        {
          "uuid": "ef294c71-4f16-46e9-873d-b0bf4d6d48b0",
          "title": "Modération des rôles - Admin",
          "fullFile": "",
          "file": "",
          "beforeHooks": [],
          "afterHooks": [],
          "tests": [
            {
              "title": "Accès réservé à l'admin",
              "fullTitle": "Modération des rôles - Admin Accès réservé à l'admin",
              "timedOut": null,
              "duration": 37376,
              "state": "failed",
              "speed": null,
              "pass": false,
              "fail": true,
              "pending": false,
              "context": null,
              "code": "cy.login(admin.email, admin.password);\ncy.visit('/admin/role-requests');\ncy.contains('Demandes de rôles').should('exist');",
              "err": {
                "message": "AssertionError: Timed out retrying after 4000ms: Expected to find content: 'Demandes de rôles' but never did.",
                "estack": "AssertionError: Timed out retrying after 4000ms: Expected to find content: 'Demandes de rôles' but never did.\n    at Context.eval (webpack://vite_react_shadcn_ts/./cypress/e2e/admin_role_moderation.cy.ts:9:0)",
                "diff": null
              },
              "uuid": "2a16da2f-7c76-49c5-b58c-32d78df6b8d6",
              "parentUUID": "ef294c71-4f16-46e9-873d-b0bf4d6d48b0",
              "isHook": false,
              "skipped": false
            },
            {
              "title": "Refuse l'accès à un non-admin",
              "fullTitle": "Modération des rôles - Admin Refuse l'accès à un non-admin",
              "timedOut": null,
              "duration": 33142,
              "state": "failed",
              "speed": null,
              "pass": false,
              "fail": true,
              "pending": false,
              "context": null,
              "code": "cy.login(pendingUser.email, 'Password123!');\ncy.visit('/admin/role-requests');\ncy.contains('Accès refusé').should('exist');",
              "err": {
                "message": "AssertionError: Timed out retrying after 4000ms: Expected to find content: 'Accès refusé' but never did.",
                "estack": "AssertionError: Timed out retrying after 4000ms: Expected to find content: 'Accès refusé' but never did.\n    at Context.eval (webpack://vite_react_shadcn_ts/./cypress/e2e/admin_role_moderation.cy.ts:14:0)",
                "diff": null
              },
              "uuid": "00f436fa-74ad-4da7-8c88-f0f93931a17c",
              "parentUUID": "ef294c71-4f16-46e9-873d-b0bf4d6d48b0",
              "isHook": false,
              "skipped": false
            },
            {
              "title": "Admin peut approuver une demande",
              "fullTitle": "Modération des rôles - Admin Admin peut approuver une demande",
              "timedOut": null,
              "duration": 57724,
              "state": "failed",
              "speed": null,
              "pass": false,
              "fail": true,
              "pending": false,
              "context": null,
              "code": "cy.login(admin.email, admin.password);\ncy.visit('/admin/role-requests');\ncy.get('[data-cy=approve-btn]').first().click();\ncy.contains('Demande approuvée').should('exist');",
              "err": {
                "message": "AssertionError: Timed out retrying after 4000ms: Expected to find element: `[data-cy=approve-btn]`, but never found it.",
                "estack": "AssertionError: Timed out retrying after 4000ms: Expected to find element: `[data-cy=approve-btn]`, but never found it.\n    at Context.eval (webpack://vite_react_shadcn_ts/./cypress/e2e/admin_role_moderation.cy.ts:19:0)",
                "diff": null
              },
              "uuid": "acd34cee-dfb1-49ea-9cf7-1127bb6fa6e4",
              "parentUUID": "ef294c71-4f16-46e9-873d-b0bf4d6d48b0",
              "isHook": false,
              "skipped": false
            },
            {
              "title": "Admin peut rejeter une demande",
              "fullTitle": "Modération des rôles - Admin Admin peut rejeter une demande",
              "timedOut": null,
              "duration": 22585,
              "state": "failed",
              "speed": null,
              "pass": false,
              "fail": true,
              "pending": false,
              "context": null,
              "code": "cy.login(admin.email, admin.password);\ncy.visit('/admin/role-requests');\ncy.get('[data-cy=reject-btn]').first().click();\ncy.contains('Demande rejetée').should('exist');",
              "err": {
                "message": "AssertionError: Timed out retrying after 4000ms: Expected to find element: `[data-cy=reject-btn]`, but never found it.",
                "estack": "AssertionError: Timed out retrying after 4000ms: Expected to find element: `[data-cy=reject-btn]`, but never found it.\n    at Context.eval (webpack://vite_react_shadcn_ts/./cypress/e2e/admin_role_moderation.cy.ts:25:0)",
                "diff": null
              },
              "uuid": "ed25807d-1d52-4711-94f3-bba35985136c",
              "parentUUID": "ef294c71-4f16-46e9-873d-b0bf4d6d48b0",
              "isHook": false,
              "skipped": false
            }
          ],
          "suites": [],
          "passes": [],
          "failures": [
            "2a16da2f-7c76-49c5-b58c-32d78df6b8d6",
            "00f436fa-74ad-4da7-8c88-f0f93931a17c",
            "acd34cee-dfb1-49ea-9cf7-1127bb6fa6e4",
            "ed25807d-1d52-4711-94f3-bba35985136c"
          ],
          "pending": [],
          "skipped": [],
          "duration": 150827,
          "root": false,
          "rootEmpty": false,
          "_timeout": 2000
        }
      ],
      "passes": [],
      "failures": [],
      "pending": [],
      "skipped": [],
      "duration": 0,
      "root": true,
      "rootEmpty": true,
      "_timeout": 2000
    }
  ],
  "meta": {
    "mocha": {
      "version": "7.0.1"
    },
    "mochawesome": {
      "options": {
        "quiet": false,
        "reportFilename": "mochawesome",
        "saveHtml": false,
        "saveJson": true,
        "consoleReporter": "spec",
        "useInlineDiffs": false,
        "code": true
      },
      "version": "7.1.3"
    },
    "marge": {
      "options": {
        "reportDir": "cypress/reports",
        "overwrite": false,
        "html": false,
        "json": true
      },
      "version": "6.2.0"
    }
  }
}