{
  "stats": {
    "suites": 2,
    "tests": 1,
    "passes": 0,
    "pending": 0,
    "failures": 1,
    "start": "2025-08-28T19:26:39.036Z",
    "end": "2025-08-28T19:26:57.189Z",
    "duration": 18153,
    "testsRegistered": 21,
    "passPercent": 0,
    "pendingPercent": 0,
    "other": 0,
    "hasOther": false,
    "skipped": 20,
    "hasSkipped": true
  },
  "results": [
    {
      "uuid": "d2602892-70d9-4a93-a56a-10a7443c926a",
      "title": "",
      "fullFile": "cypress\\e2e\\control-room.cy.ts",
      "file": "cypress\\e2e\\control-room.cy.ts",
      "beforeHooks": [],
      "afterHooks": [],
      "tests": [],
      "suites": [
        {
          "uuid": "9eb9b284-6252-44ae-bdfa-e7638fe37acb",
          "title": "Control Room E2E Tests",
          "fullFile": "",
          "file": "",
          "beforeHooks": [],
          "afterHooks": [],
          "tests": [],
          "suites": [
            {
              "uuid": "883f0d32-5a48-4e70-9da2-dfd81560b0c7",
              "title": "Map Display",
              "fullFile": "",
              "file": "",
              "beforeHooks": [],
              "afterHooks": [],
              "tests": [
                {
                  "title": "should display the map container",
                  "fullTitle": "Control Room E2E Tests Map Display should display the map container",
                  "timedOut": null,
                  "duration": 18144,
                  "state": "failed",
                  "speed": null,
                  "pass": false,
                  "fail": true,
                  "pending": false,
                  "context": null,
                  "code": "cy.get('[data-cy=map-container]').should('be.visible');",
                  "err": {
                    "message": "AssertionError: Timed out retrying after 4000ms: Expected to find element: `[data-cy=email-input]`, but never found it.\n\nBecause this error occurred during a `before each` hook we are skipping the remaining tests in the current suite: `Control Room E2E Tests`",
                    "estack": "AssertionError: Timed out retrying after 4000ms: Expected to find element: `[data-cy=email-input]`, but never found it.\n\nBecause this error occurred during a `before each` hook we are skipping the remaining tests in the current suite: `Control Room E2E Tests`\n    at Context.eval (webpack://vite_react_shadcn_ts/./cypress/e2e/control-room.cy.ts:5:0)",
                    "diff": null
                  },
                  "uuid": "32fa2dd3-7409-48c9-95c2-0fdb97986fbc",
                  "parentUUID": "883f0d32-5a48-4e70-9da2-dfd81560b0c7",
                  "isHook": false,
                  "skipped": false
                },
                {
                  "title": "should load Mapbox map",
                  "fullTitle": "Control Room E2E Tests Map Display should load Mapbox map",
                  "timedOut": null,
                  "duration": 0,
                  "state": "skipped",
                  "speed": null,
                  "pass": false,
                  "fail": false,
                  "pending": false,
                  "context": null,
                  "code": "cy.get('.mapboxgl-map').should('be.visible');\ncy.get('.mapboxgl-canvas').should('exist');",
                  "err": {},
                  "uuid": "7a1c1a70-5b65-4cce-a5c3-aa620c835732",
                  "parentUUID": "883f0d32-5a48-4e70-9da2-dfd81560b0c7",
                  "isHook": false,
                  "skipped": true
                },
                {
                  "title": "should display initial markers",
                  "fullTitle": "Control Room E2E Tests Map Display should display initial markers",
                  "timedOut": null,
                  "duration": 0,
                  "state": "skipped",
                  "speed": null,
                  "pass": false,
                  "fail": false,
                  "pending": false,
                  "context": null,
                  "code": "cy.get('.mapboxgl-marker').should('exist');",
                  "err": {},
                  "uuid": "119ed0f7-bf96-474c-9aca-1ce58388445a",
                  "parentUUID": "883f0d32-5a48-4e70-9da2-dfd81560b0c7",
                  "isHook": false,
                  "skipped": true
                }
              ],
              "suites": [],
              "passes": [],
              "failures": [
                "32fa2dd3-7409-48c9-95c2-0fdb97986fbc"
              ],
              "pending": [],
              "skipped": [
                "7a1c1a70-5b65-4cce-a5c3-aa620c835732",
                "119ed0f7-bf96-474c-9aca-1ce58388445a"
              ],
              "duration": 18144,
              "root": false,
              "rootEmpty": false,
              "_timeout": 2000
            },
            {
              "uuid": "4ce9b723-35c6-452b-b96a-2baf32ba2290",
              "title": "Real-time Updates",
              "fullFile": "",
              "file": "",
              "beforeHooks": [],
              "afterHooks": [],
              "tests": [
                {
                  "title": "should receive WebSocket updates",
                  "fullTitle": "Control Room E2E Tests Real-time Updates should receive WebSocket updates",
                  "timedOut": null,
                  "duration": 0,
                  "state": "skipped",
                  "speed": null,
                  "pass": false,
                  "fail": false,
                  "pending": false,
                  "context": null,
                  "code": "// Mock a new position update\ncy.window().then(function (win) {\n    win.dispatchEvent(new CustomEvent('position_update', {\n        detail: {\n            id: 'test-123',\n            vehicule_id: 'VH001',\n            mission_id: 'MIS001',\n            statut: 'en_route',\n            latitude: 5.359952,\n            longitude: -3.998575,\n            vitesse: 80\n        }\n    }));\n});\n// Check if new marker appears\ncy.get('.mapboxgl-marker', { timeout: 10000 }).should('have.length.greaterThan', 0);",
                  "err": {},
                  "uuid": "d54d9d4d-f9f4-4059-aad2-fe6c2eaea496",
                  "parentUUID": null,
                  "isHook": false,
                  "skipped": true
                },
                {
                  "title": "should update marker positions",
                  "fullTitle": "Control Room E2E Tests Real-time Updates should update marker positions",
                  "timedOut": null,
                  "duration": 0,
                  "state": "skipped",
                  "speed": null,
                  "pass": false,
                  "fail": false,
                  "pending": false,
                  "context": null,
                  "code": "// Wait for initial load\ncy.get('.mapboxgl-marker').should('exist');\n// Check if markers update after data refresh\ncy.intercept('GET', '/api/positions/*').as('getPositions');\ncy.wait('@getPositions');\ncy.get('.mapboxgl-marker').should('be.visible');",
                  "err": {},
                  "uuid": "32fd6f8c-daf5-4686-a2ae-56d37ebfc0c0",
                  "parentUUID": null,
                  "isHook": false,
                  "skipped": true
                }
              ],
              "suites": [],
              "passes": [],
              "failures": [],
              "pending": [],
              "skipped": [
                "d54d9d4d-f9f4-4059-aad2-fe6c2eaea496",
                "32fd6f8c-daf5-4686-a2ae-56d37ebfc0c0"
              ],
              "duration": 0,
              "root": false,
              "rootEmpty": false,
              "_timeout": 2000
            },
            {
              "uuid": "071d7142-860b-4a1c-a1ff-c58cfc25e005",
              "title": "Filter Functionality",
              "fullFile": "",
              "file": "",
              "beforeHooks": [],
              "afterHooks": [],
              "tests": [
                {
                  "title": "should filter by vehicle",
                  "fullTitle": "Control Room E2E Tests Filter Functionality should filter by vehicle",
                  "timedOut": null,
                  "duration": 0,
                  "state": "skipped",
                  "speed": null,
                  "pass": false,
                  "fail": false,
                  "pending": false,
                  "context": null,
                  "code": "cy.get('[data-cy=vehicle-filter]').select('VH001');\ncy.get('.mapboxgl-marker').should('have.length', 1);",
                  "err": {},
                  "uuid": "8dd50e92-729a-438f-88e4-3d80bccf6ad5",
                  "parentUUID": null,
                  "isHook": false,
                  "skipped": true
                },
                {
                  "title": "should filter by mission",
                  "fullTitle": "Control Room E2E Tests Filter Functionality should filter by mission",
                  "timedOut": null,
                  "duration": 0,
                  "state": "skipped",
                  "speed": null,
                  "pass": false,
                  "fail": false,
                  "pending": false,
                  "context": null,
                  "code": "cy.get('[data-cy=mission-filter]').select('MIS001');\ncy.get('.mapboxgl-marker').should('have.length.at.least', 1);",
                  "err": {},
                  "uuid": "6073f504-f35a-40ed-8cbe-311ade4aa09f",
                  "parentUUID": null,
                  "isHook": false,
                  "skipped": true
                },
                {
                  "title": "should filter by status",
                  "fullTitle": "Control Room E2E Tests Filter Functionality should filter by status",
                  "timedOut": null,
                  "duration": 0,
                  "state": "skipped",
                  "speed": null,
                  "pass": false,
                  "fail": false,
                  "pending": false,
                  "context": null,
                  "code": "cy.get('[data-cy=status-filter-en_route]').check();\ncy.get('.mapboxgl-marker').should('exist');",
                  "err": {},
                  "uuid": "73e51851-8f1a-4364-b6e9-e0ec5b72e24f",
                  "parentUUID": null,
                  "isHook": false,
                  "skipped": true
                },
                {
                  "title": "should clear all filters",
                  "fullTitle": "Control Room E2E Tests Filter Functionality should clear all filters",
                  "timedOut": null,
                  "duration": 0,
                  "state": "skipped",
                  "speed": null,
                  "pass": false,
                  "fail": false,
                  "pending": false,
                  "context": null,
                  "code": "cy.get('[data-cy=vehicle-filter]').select('VH001');\ncy.get('[data-cy=clear-filters-button]').click();\ncy.get('[data-cy=vehicle-filter]').should('have.value', '');",
                  "err": {},
                  "uuid": "1531f698-4e8a-4dd5-bcd1-0ca50bca5443",
                  "parentUUID": null,
                  "isHook": false,
                  "skipped": true
                }
              ],
              "suites": [],
              "passes": [],
              "failures": [],
              "pending": [],
              "skipped": [
                "8dd50e92-729a-438f-88e4-3d80bccf6ad5",
                "6073f504-f35a-40ed-8cbe-311ade4aa09f",
                "73e51851-8f1a-4364-b6e9-e0ec5b72e24f",
                "1531f698-4e8a-4dd5-bcd1-0ca50bca5443"
              ],
              "duration": 0,
              "root": false,
              "rootEmpty": false,
              "_timeout": 2000
            },
            {
              "uuid": "00d4fa4f-4da7-4148-ab57-c75b51629214",
              "title": "Display Modes",
              "fullFile": "",
              "file": "",
              "beforeHooks": [],
              "afterHooks": [],
              "tests": [
                {
                  "title": "should toggle TV mode",
                  "fullTitle": "Control Room E2E Tests Display Modes should toggle TV mode",
                  "timedOut": null,
                  "duration": 0,
                  "state": "skipped",
                  "speed": null,
                  "pass": false,
                  "fail": false,
                  "pending": false,
                  "context": null,
                  "code": "cy.get('[data-cy=toggle-tv-mode]').click();\ncy.get('[data-cy=sidebar]').should('not.be.visible');\ncy.get('[data-cy=map-container]').should('have.class', 'fullscreen');",
                  "err": {},
                  "uuid": "f1892ca9-7dcc-4f51-8d41-456d25484825",
                  "parentUUID": null,
                  "isHook": false,
                  "skipped": true
                },
                {
                  "title": "should toggle fullscreen",
                  "fullTitle": "Control Room E2E Tests Display Modes should toggle fullscreen",
                  "timedOut": null,
                  "duration": 0,
                  "state": "skipped",
                  "speed": null,
                  "pass": false,
                  "fail": false,
                  "pending": false,
                  "context": null,
                  "code": "cy.get('[data-cy=toggle-fullscreen]').click();\ncy.document().its('fullscreenElement').should('not.be.null');",
                  "err": {},
                  "uuid": "d59565a9-f84b-475c-9c5b-7381601debe0",
                  "parentUUID": null,
                  "isHook": false,
                  "skipped": true
                },
                {
                  "title": "should exit fullscreen",
                  "fullTitle": "Control Room E2E Tests Display Modes should exit fullscreen",
                  "timedOut": null,
                  "duration": 0,
                  "state": "skipped",
                  "speed": null,
                  "pass": false,
                  "fail": false,
                  "pending": false,
                  "context": null,
                  "code": "cy.get('[data-cy=toggle-fullscreen]').click();\ncy.get('[data-cy=toggle-fullscreen]').click();\ncy.document().its('fullscreenElement').should('be.null');",
                  "err": {},
                  "uuid": "09955612-ec80-48b7-9039-94fec0f0017b",
                  "parentUUID": null,
                  "isHook": false,
                  "skipped": true
                }
              ],
              "suites": [],
              "passes": [],
              "failures": [],
              "pending": [],
              "skipped": [
                "f1892ca9-7dcc-4f51-8d41-456d25484825",
                "d59565a9-f84b-475c-9c5b-7381601debe0",
                "09955612-ec80-48b7-9039-94fec0f0017b"
              ],
              "duration": 0,
              "root": false,
              "rootEmpty": false,
              "_timeout": 2000
            },
            {
              "uuid": "7575da57-cbf0-469e-9d38-49e92c9c2b4b",
              "title": "Statistics Display",
              "fullFile": "",
              "file": "",
              "beforeHooks": [],
              "afterHooks": [],
              "tests": [
                {
                  "title": "should display statistics",
                  "fullTitle": "Control Room E2E Tests Statistics Display should display statistics",
                  "timedOut": null,
                  "duration": 0,
                  "state": "skipped",
                  "speed": null,
                  "pass": false,
                  "fail": false,
                  "pending": false,
                  "context": null,
                  "code": "cy.get('[data-cy=stats-total]').should('be.visible');\ncy.get('[data-cy=stats-en-route]').should('be.visible');\ncy.get('[data-cy=stats-vehicles]').should('be.visible');",
                  "err": {},
                  "uuid": "2a3260dd-950c-4fff-93a3-717e65f1cc23",
                  "parentUUID": null,
                  "isHook": false,
                  "skipped": true
                },
                {
                  "title": "should update statistics when filters change",
                  "fullTitle": "Control Room E2E Tests Statistics Display should update statistics when filters change",
                  "timedOut": null,
                  "duration": 0,
                  "state": "skipped",
                  "speed": null,
                  "pass": false,
                  "fail": false,
                  "pending": false,
                  "context": null,
                  "code": "var initialTotal = cy.get('[data-cy=stats-total]').invoke('text');\ncy.get('[data-cy=vehicle-filter]').select('VH001');\ncy.get('[data-cy=stats-total]').should('not.have.text', initialTotal);",
                  "err": {},
                  "uuid": "0d2a2c26-0e81-4c01-8460-ceb7b095dedb",
                  "parentUUID": null,
                  "isHook": false,
                  "skipped": true
                }
              ],
              "suites": [],
              "passes": [],
              "failures": [],
              "pending": [],
              "skipped": [
                "2a3260dd-950c-4fff-93a3-717e65f1cc23",
                "0d2a2c26-0e81-4c01-8460-ceb7b095dedb"
              ],
              "duration": 0,
              "root": false,
              "rootEmpty": false,
              "_timeout": 2000
            },
            {
              "uuid": "ebe880d2-1013-47ee-b40a-43817714547c",
              "title": "Marker Interactions",
              "fullFile": "",
              "file": "",
              "beforeHooks": [],
              "afterHooks": [],
              "tests": [
                {
                  "title": "should display popup on marker click",
                  "fullTitle": "Control Room E2E Tests Marker Interactions should display popup on marker click",
                  "timedOut": null,
                  "duration": 0,
                  "state": "skipped",
                  "speed": null,
                  "pass": false,
                  "fail": false,
                  "pending": false,
                  "context": null,
                  "code": "cy.get('.mapboxgl-marker').first().click();\ncy.get('.mapboxgl-popup').should('be.visible');\ncy.get('.mapboxgl-popup-content').should('contain', 'VH001');",
                  "err": {},
                  "uuid": "a8c5cf8a-c398-4a29-80e3-79c0121659e9",
                  "parentUUID": null,
                  "isHook": false,
                  "skipped": true
                },
                {
                  "title": "should close popup on map click",
                  "fullTitle": "Control Room E2E Tests Marker Interactions should close popup on map click",
                  "timedOut": null,
                  "duration": 0,
                  "state": "skipped",
                  "speed": null,
                  "pass": false,
                  "fail": false,
                  "pending": false,
                  "context": null,
                  "code": "cy.get('.mapboxgl-marker').first().click();\ncy.get('.mapboxgl-popup').should('be.visible');\ncy.get('[data-cy=map-container]').click(100, 100);\ncy.get('.mapboxgl-popup').should('not.exist');",
                  "err": {},
                  "uuid": "78c66154-df77-4a69-8d23-0a28dd1ec5bf",
                  "parentUUID": null,
                  "isHook": false,
                  "skipped": true
                }
              ],
              "suites": [],
              "passes": [],
              "failures": [],
              "pending": [],
              "skipped": [
                "a8c5cf8a-c398-4a29-80e3-79c0121659e9",
                "78c66154-df77-4a69-8d23-0a28dd1ec5bf"
              ],
              "duration": 0,
              "root": false,
              "rootEmpty": false,
              "_timeout": 2000
            },
            {
              "uuid": "6a17a2ae-5290-4a4c-91c4-cf2c306b54a5",
              "title": "Error Handling",
              "fullFile": "",
              "file": "",
              "beforeHooks": [],
              "afterHooks": [],
              "tests": [
                {
                  "title": "should handle API errors gracefully",
                  "fullTitle": "Control Room E2E Tests Error Handling should handle API errors gracefully",
                  "timedOut": null,
                  "duration": 0,
                  "state": "skipped",
                  "speed": null,
                  "pass": false,
                  "fail": false,
                  "pending": false,
                  "context": null,
                  "code": "cy.intercept('GET', '/api/positions/*', {\n    statusCode: 500,\n    body: { error: 'Server error' }\n}).as('getPositionsError');\ncy.visit('/control-room');\ncy.wait('@getPositionsError');\ncy.get('[data-cy=error-message]').should('be.visible');",
                  "err": {},
                  "uuid": "388d53e9-6b6e-4db1-a54c-62642609fdad",
                  "parentUUID": null,
                  "isHook": false,
                  "skipped": true
                },
                {
                  "title": "should show loading state",
                  "fullTitle": "Control Room E2E Tests Error Handling should show loading state",
                  "timedOut": null,
                  "duration": 0,
                  "state": "skipped",
                  "speed": null,
                  "pass": false,
                  "fail": false,
                  "pending": false,
                  "context": null,
                  "code": "cy.intercept('GET', '/api/positions/*', function (req) {\n    req.reply(function (res) {\n        res.delay(2000);\n        res.send({ data: [] });\n    });\n}).as('getPositionsSlow');\ncy.visit('/control-room');\ncy.get('[data-cy=loading-spinner]').should('be.visible');",
                  "err": {},
                  "uuid": "22d079b7-ff8f-47c6-a88d-3148e03fb367",
                  "parentUUID": null,
                  "isHook": false,
                  "skipped": true
                }
              ],
              "suites": [],
              "passes": [],
              "failures": [],
              "pending": [],
              "skipped": [
                "388d53e9-6b6e-4db1-a54c-62642609fdad",
                "22d079b7-ff8f-47c6-a88d-3148e03fb367"
              ],
              "duration": 0,
              "root": false,
              "rootEmpty": false,
              "_timeout": 2000
            },
            {
              "uuid": "4ff60e1c-764b-4072-8e02-0b41a119b12b",
              "title": "Performance Tests",
              "fullFile": "",
              "file": "",
              "beforeHooks": [],
              "afterHooks": [],
              "tests": [
                {
                  "title": "should handle 100+ markers efficiently",
                  "fullTitle": "Control Room E2E Tests Performance Tests should handle 100+ markers efficiently",
                  "timedOut": null,
                  "duration": 0,
                  "state": "skipped",
                  "speed": null,
                  "pass": false,
                  "fail": false,
                  "pending": false,
                  "context": null,
                  "code": "// Mock large dataset\nvar largeDataset = Array(100).fill(0).map(function (_, index) { return ({\n    id: \"test-\".concat(index),\n    vehicule_id: \"VH\".concat(index),\n    mission_id: \"MIS\".concat(index),\n    statut: 'en_route',\n    latitude: 5.359952 + (Math.random() - 0.5) * 0.1,\n    longitude: -3.998575 + (Math.random() - 0.5) * 0.1,\n    vitesse: 80\n}); });\ncy.intercept('GET', '/api/positions/*', {\n    body: largeDataset\n}).as('getLargeDataset');\ncy.visit('/control-room');\ncy.wait('@getLargeDataset');\n// Check performance metrics\ncy.window().then(function (win) {\n    expect(win.performance.getEntriesByType('measure')).to.have.length.greaterThan(0);\n});",
                  "err": {},
                  "uuid": "71c46f31-16e8-45d8-8b08-a19c05c353be",
                  "parentUUID": null,
                  "isHook": false,
                  "skipped": true
                }
              ],
              "suites": [],
              "passes": [],
              "failures": [],
              "pending": [],
              "skipped": [
                "71c46f31-16e8-45d8-8b08-a19c05c353be"
              ],
              "duration": 0,
              "root": false,
              "rootEmpty": false,
              "_timeout": 2000
            },
            {
              "uuid": "4abbcde8-5e7a-4cc2-959c-7a256fc1dee2",
              "title": "Accessibility",
              "fullFile": "",
              "file": "",
              "beforeHooks": [],
              "afterHooks": [],
              "tests": [
                {
                  "title": "should be keyboard navigable",
                  "fullTitle": "Control Room E2E Tests Accessibility should be keyboard navigable",
                  "timedOut": null,
                  "duration": 0,
                  "state": "skipped",
                  "speed": null,
                  "pass": false,
                  "fail": false,
                  "pending": false,
                  "context": null,
                  "code": "cy.get('body').tab();\ncy.focused().should('have.attr', 'data-cy', 'toggle-tv-mode');\ncy.focused().tab();\ncy.focused().should('have.attr', 'data-cy', 'toggle-fullscreen');",
                  "err": {},
                  "uuid": "7cbc6971-d91d-435d-a3b0-abbad8ea98cc",
                  "parentUUID": null,
                  "isHook": false,
                  "skipped": true
                },
                {
                  "title": "should have proper ARIA labels",
                  "fullTitle": "Control Room E2E Tests Accessibility should have proper ARIA labels",
                  "timedOut": null,
                  "duration": 0,
                  "state": "skipped",
                  "speed": null,
                  "pass": false,
                  "fail": false,
                  "pending": false,
                  "context": null,
                  "code": "cy.get('[data-cy=map-container]').should('have.attr', 'aria-label');\ncy.get('[data-cy=toggle-tv-mode]').should('have.attr', 'aria-label');",
                  "err": {},
                  "uuid": "1bd1587c-9a9d-4ec2-b7d4-93d21759c39b",
                  "parentUUID": null,
                  "isHook": false,
                  "skipped": true
                }
              ],
              "suites": [],
              "passes": [],
              "failures": [],
              "pending": [],
              "skipped": [
                "7cbc6971-d91d-435d-a3b0-abbad8ea98cc",
                "1bd1587c-9a9d-4ec2-b7d4-93d21759c39b"
              ],
              "duration": 0,
              "root": false,
              "rootEmpty": false,
              "_timeout": 2000
            }
          ],
          "passes": [],
          "failures": [],
          "pending": [],
          "skipped": [],
          "duration": 0,
          "root": false,
          "rootEmpty": false,
          "_timeout": 2000
        }
      ],
      "passes": [],
      "failures": [],
      "pending": [],
      "skipped": [],
      "duration": 0,
      "root": true,
      "rootEmpty": true,
      "_timeout": 2000
    }
  ],
  "meta": {
    "mocha": {
      "version": "7.0.1"
    },
    "mochawesome": {
      "options": {
        "quiet": false,
        "reportFilename": "mochawesome",
        "saveHtml": false,
        "saveJson": true,
        "consoleReporter": "spec",
        "useInlineDiffs": false,
        "code": true
      },
      "version": "7.1.3"
    },
    "marge": {
      "options": {
        "reportDir": "cypress/reports",
        "overwrite": false,
        "html": false,
        "json": true
      },
      "version": "6.2.0"
    }
  }
}