{
  "stats": {
    "suites": 1,
    "tests": 1,
    "passes": 0,
    "pending": 0,
    "failures": 1,
    "start": "2025-08-28T19:24:44.043Z",
    "end": "2025-08-28T19:25:24.604Z",
    "duration": 40561,
    "testsRegistered": 1,
    "passPercent": 0,
    "pendingPercent": 0,
    "other": 0,
    "hasOther": false,
    "skipped": 0,
    "hasSkipped": false
  },
  "results": [
    {
      "uuid": "cb778ecf-dc12-4930-afba-7a2206fd608e",
      "title": "",
      "fullFile": "cypress\\e2e\\chauffeur_tracking.cy.ts",
      "file": "cypress\\e2e\\chauffeur_tracking.cy.ts",
      "beforeHooks": [],
      "afterHooks": [],
      "tests": [],
      "suites": [
        {
          "uuid": "8a233d1a-34fe-48fa-b889-594ddccdb0a2",
          "title": "Suivi live Chauffeur - Dashboard",
          "fullFile": "",
          "file": "",
          "beforeHooks": [],
          "afterHooks": [],
          "tests": [
            {
              "title": "se connecte, sélectionne mission, affiche suivi live et se déconnecte",
              "fullTitle": "Suivi live Chauffeur - Dashboard se connecte, sélectionne mission, affiche suivi live et se déconnecte",
              "timedOut": null,
              "duration": 39449,
              "state": "failed",
              "speed": null,
              "pass": false,
              "fail": true,
              "pending": false,
              "context": null,
              "code": "// Visiter la page login\ncy.visit('/login');\n// Saisie des identifiants et connexion\ncy.get('input[name=\"email\"]').type(email);\ncy.get('input[name=\"password\"]').type(password);\ncy.get('button[type=\"submit\"]').click();\n// Attendre le dashboard chauffeur\ncy.url().should('include', '/chauffeur');\ncy.contains('Tableau de bord Chauffeur').should('be.visible');\n// Vérifier que la liste des missions est visible\ncy.contains('Missions assignées').should('be.visible');\n// Sélectionner la première mission\ncy.get('ul > li').first().click();\n// Vérifier que le suivi live est visible\ncy.contains('Suivi en temps réel').should('be.visible');\n// Mock la géolocalisation (latitude, longitude)\ncy.window().then(function (win) {\n    cy.stub(win.navigator.geolocation, 'watchPosition').callsFake(function (success) {\n        return success({\n            coords: {\n                latitude: 5.3456,\n                longitude: -4.0123,\n                accuracy: 10,\n            }\n        });\n    });\n});\n// Vérifier que la carte Google Maps est présente\ncy.get('div[role=\"application\"]').should('exist');\n// Vérifier que des marqueurs (points) sont affichés\ncy.get('img[alt=\"Marker\"]').should('exist');\n// Cliquer sur bouton déconnexion (assume qu’il y en a un)\ncy.get('button').contains(/déconnexion|logout/i).click();\n// Vérifier la redirection vers login\ncy.url().should('include', '/login');",
              "err": {
                "message": "AssertionError: Timed out retrying after 4000ms: Expected to find element: `input[name=\"email\"]`, but never found it.",
                "estack": "AssertionError: Timed out retrying after 4000ms: Expected to find element: `input[name=\"email\"]`, but never found it.\n    at Context.eval (webpack://vite_react_shadcn_ts/./cypress/e2e/chauffeur_tracking.cy.ts:11:0)",
                "diff": null
              },
              "uuid": "715b40f9-57cc-4912-9ec6-5eca45554a6b",
              "parentUUID": "8a233d1a-34fe-48fa-b889-594ddccdb0a2",
              "isHook": false,
              "skipped": false
            }
          ],
          "suites": [],
          "passes": [],
          "failures": [
            "715b40f9-57cc-4912-9ec6-5eca45554a6b"
          ],
          "pending": [],
          "skipped": [],
          "duration": 39449,
          "root": false,
          "rootEmpty": false,
          "_timeout": 2000
        }
      ],
      "passes": [],
      "failures": [],
      "pending": [],
      "skipped": [],
      "duration": 0,
      "root": true,
      "rootEmpty": true,
      "_timeout": 2000
    }
  ],
  "meta": {
    "mocha": {
      "version": "7.0.1"
    },
    "mochawesome": {
      "options": {
        "quiet": false,
        "reportFilename": "mochawesome",
        "saveHtml": false,
        "saveJson": true,
        "consoleReporter": "spec",
        "useInlineDiffs": false,
        "code": true
      },
      "version": "7.1.3"
    },
    "marge": {
      "options": {
        "reportDir": "cypress/reports",
        "overwrite": false,
        "html": false,
        "json": true
      },
      "version": "6.2.0"
    }
  }
}