{
  "stats": {
    "suites": 1,
    "tests": 3,
    "passes": 0,
    "pending": 0,
    "failures": 3,
    "start": "2025-06-22T06:17:16.434Z",
    "end": "2025-06-22T06:17:21.218Z",
    "duration": 4784,
    "testsRegistered": 3,
    "passPercent": 0,
    "pendingPercent": 0,
    "other": 0,
    "hasOther": false,
    "skipped": 0,
    "hasSkipped": false
  },
  "results": [
    {
      "uuid": "27648c60-b785-4cfb-b834-ad7768dd12d6",
      "title": "",
      "fullFile": "cypress\\e2e\\route_protection.cy.ts",
      "file": "cypress\\e2e\\route_protection.cy.ts",
      "beforeHooks": [],
      "afterHooks": [],
      "tests": [],
      "suites": [
        {
          "uuid": "c09f9371-153a-411b-a718-139a17314835",
          "title": "Protection des routes",
          "fullFile": "",
          "file": "",
          "beforeHooks": [],
          "afterHooks": [],
          "tests": [
            {
              "title": "Bloque /dashboard si pas de rôle validé",
              "fullTitle": "Protection des routes Bloque /dashboard si pas de rôle validé",
              "timedOut": null,
              "duration": 1276,
              "state": "failed",
              "speed": null,
              "pass": false,
              "fail": true,
              "pending": false,
              "context": null,
              "code": "cy.login(users.norole.email, users.norole.password);\ncy.visit('/dashboard');\ncy.url().should('include', '/onboarding');",
              "err": {
                "message": "CypressError: `cy.request()` failed trying to load:\n\nhttps://your_supabase_project.supabase.co/auth/v1/token?grant_type=password\n\nWe attempted to make an http request to this URL but the request failed without a response.\n\nWe received this error at the network level:\n\n  > Error: getaddrinfo ENOTFOUND your_supabase_project.supabase.co\n\n-----------------------------------------------------------\n\nThe request we sent was:\n\nMethod: POST\nURL: https://your_supabase_project.supabase.co/auth/v1/token?grant_type=password\n\n-----------------------------------------------------------\n\nCommon situations why this would fail:\n  - you don't have internet access\n  - you forgot to run / boot your web server\n  - your web server isn't accessible\n  - you have weird network configuration settings on your computer\n\nhttps://on.cypress.io/request",
                "estack": "CypressError: `cy.request()` failed trying to load:\n\nhttps://your_supabase_project.supabase.co/auth/v1/token?grant_type=password\n\nWe attempted to make an http request to this URL but the request failed without a response.\n\nWe received this error at the network level:\n\n  > Error: getaddrinfo ENOTFOUND your_supabase_project.supabase.co\n\n-----------------------------------------------------------\n\nThe request we sent was:\n\nMethod: POST\nURL: https://your_supabase_project.supabase.co/auth/v1/token?grant_type=password\n\n-----------------------------------------------------------\n\nCommon situations why this would fail:\n  - you don't have internet access\n  - you forgot to run / boot your web server\n  - your web server isn't accessible\n  - you have weird network configuration settings on your computer\n\nhttps://on.cypress.io/request\n    at <unknown> (http://localhost:5173/__cypress/runner/cypress_runner.js:133151:70)\n    at tryCatcher (http://localhost:5173/__cypress/runner/cypress_runner.js:1807:23)\n    at <unknown> (http://localhost:5173/__cypress/runner/cypress_runner.js:4203:37)\n    at tryCatcher (http://localhost:5173/__cypress/runner/cypress_runner.js:1807:23)\n    at Promise._settlePromiseFromHandler (http://localhost:5173/__cypress/runner/cypress_runner.js:1519:31)\n    at Promise._settlePromise (http://localhost:5173/__cypress/runner/cypress_runner.js:1576:18)\n    at Promise._settlePromise0 (http://localhost:5173/__cypress/runner/cypress_runner.js:1621:10)\n    at Promise._settlePromises (http://localhost:5173/__cypress/runner/cypress_runner.js:1697:18)\n    at _drainQueueStep (http://localhost:5173/__cypress/runner/cypress_runner.js:2407:12)\n    at _drainQueue (http://localhost:5173/__cypress/runner/cypress_runner.js:2400:9)\n    at Async._drainQueues (http://localhost:5173/__cypress/runner/cypress_runner.js:2416:5)\n    at Async.drainQueues (http://localhost:5173/__cypress/runner/cypress_runner.js:2286:14)\nFrom Your Spec Code:\n    at Context.eval (webpack://vite_react_shadcn_ts/./cypress/support/commands.ts:16:0)\n\nFrom Node.js Internals:\n  RequestError: Error: getaddrinfo ENOTFOUND your_supabase_project.supabase.co\n      at new r (<embedded>:1831:404372)\n      at ee.callback (<embedded>:1831:410373)\n      at e.callback.s.callback [as _callback] (<embedded>:1831:409819)\n      at s._callback.s.callback.s.callback (<embedded>:2049:91633)\n      at ee.emit (node:events:514:28)\n      at ee.onRequestError (<embedded>:2049:100575)\n      at ClientRequest.emit (node:events:526:35)\n      at TLSSocket.socketErrorListener (node:_http_client:501:9)\n      at TLSSocket.emit (node:events:514:28)\n      at emitErrorNT (node:internal/streams/destroy:151:8)\n      at emitErrorCloseNT (node:internal/streams/destroy:116:3)\n      at process.processTicksAndRejections (node:internal/process/task_queues:82:21)",
                "diff": null
              },
              "uuid": "d91b613d-09f4-4b68-87a7-fc535dd3181b",
              "parentUUID": "c09f9371-153a-411b-a718-139a17314835",
              "isHook": false,
              "skipped": false
            },
            {
              "title": "Autorise /dashboard si role_status = approved",
              "fullTitle": "Protection des routes Autorise /dashboard si role_status = approved",
              "timedOut": null,
              "duration": 1448,
              "state": "failed",
              "speed": null,
              "pass": false,
              "fail": true,
              "pending": false,
              "context": null,
              "code": "cy.login(users.self.email, users.self.password);\ncy.visit('/dashboard');\ncy.contains('Bienvenue').should('exist');",
              "err": {
                "message": "CypressError: `cy.request()` failed trying to load:\n\nhttps://your_supabase_project.supabase.co/auth/v1/token?grant_type=password\n\nWe attempted to make an http request to this URL but the request failed without a response.\n\nWe received this error at the network level:\n\n  > Error: getaddrinfo ENOTFOUND your_supabase_project.supabase.co\n\n-----------------------------------------------------------\n\nThe request we sent was:\n\nMethod: POST\nURL: https://your_supabase_project.supabase.co/auth/v1/token?grant_type=password\n\n-----------------------------------------------------------\n\nCommon situations why this would fail:\n  - you don't have internet access\n  - you forgot to run / boot your web server\n  - your web server isn't accessible\n  - you have weird network configuration settings on your computer\n\nhttps://on.cypress.io/request",
                "estack": "CypressError: `cy.request()` failed trying to load:\n\nhttps://your_supabase_project.supabase.co/auth/v1/token?grant_type=password\n\nWe attempted to make an http request to this URL but the request failed without a response.\n\nWe received this error at the network level:\n\n  > Error: getaddrinfo ENOTFOUND your_supabase_project.supabase.co\n\n-----------------------------------------------------------\n\nThe request we sent was:\n\nMethod: POST\nURL: https://your_supabase_project.supabase.co/auth/v1/token?grant_type=password\n\n-----------------------------------------------------------\n\nCommon situations why this would fail:\n  - you don't have internet access\n  - you forgot to run / boot your web server\n  - your web server isn't accessible\n  - you have weird network configuration settings on your computer\n\nhttps://on.cypress.io/request\n    at <unknown> (http://localhost:5173/__cypress/runner/cypress_runner.js:133151:70)\n    at tryCatcher (http://localhost:5173/__cypress/runner/cypress_runner.js:1807:23)\n    at <unknown> (http://localhost:5173/__cypress/runner/cypress_runner.js:4203:37)\n    at tryCatcher (http://localhost:5173/__cypress/runner/cypress_runner.js:1807:23)\n    at Promise._settlePromiseFromHandler (http://localhost:5173/__cypress/runner/cypress_runner.js:1519:31)\n    at Promise._settlePromise (http://localhost:5173/__cypress/runner/cypress_runner.js:1576:18)\n    at Promise._settlePromise0 (http://localhost:5173/__cypress/runner/cypress_runner.js:1621:10)\n    at Promise._settlePromises (http://localhost:5173/__cypress/runner/cypress_runner.js:1697:18)\n    at _drainQueueStep (http://localhost:5173/__cypress/runner/cypress_runner.js:2407:12)\n    at _drainQueue (http://localhost:5173/__cypress/runner/cypress_runner.js:2400:9)\n    at Async._drainQueues (http://localhost:5173/__cypress/runner/cypress_runner.js:2416:5)\n    at Async.drainQueues (http://localhost:5173/__cypress/runner/cypress_runner.js:2286:14)\nFrom Your Spec Code:\n    at Context.eval (webpack://vite_react_shadcn_ts/./cypress/support/commands.ts:16:0)\n\nFrom Node.js Internals:\n  RequestError: Error: getaddrinfo ENOTFOUND your_supabase_project.supabase.co\n      at new r (<embedded>:1831:404372)\n      at ee.callback (<embedded>:1831:410373)\n      at e.callback.s.callback [as _callback] (<embedded>:1831:409819)\n      at s._callback.s.callback.s.callback (<embedded>:2049:91633)\n      at ee.emit (node:events:514:28)\n      at ee.onRequestError (<embedded>:2049:100575)\n      at ClientRequest.emit (node:events:526:35)\n      at TLSSocket.socketErrorListener (node:_http_client:501:9)\n      at TLSSocket.emit (node:events:514:28)\n      at emitErrorNT (node:internal/streams/destroy:151:8)\n      at emitErrorCloseNT (node:internal/streams/destroy:116:3)\n      at process.processTicksAndRejections (node:internal/process/task_queues:82:21)",
                "diff": null
              },
              "uuid": "5f67a4c0-c0ca-4bce-a2e1-83fc0f8f2ae8",
              "parentUUID": "c09f9371-153a-411b-a718-139a17314835",
              "isHook": false,
              "skipped": false
            },
            {
              "title": "Autorise /admin/dashboard pour admin uniquement",
              "fullTitle": "Protection des routes Autorise /admin/dashboard pour admin uniquement",
              "timedOut": null,
              "duration": 1660,
              "state": "failed",
              "speed": null,
              "pass": false,
              "fail": true,
              "pending": false,
              "context": null,
              "code": "cy.login(users.admin.email, users.admin.password);\ncy.visit('/admin/dashboard');\ncy.contains('Admin').should('exist');",
              "err": {
                "message": "CypressError: `cy.request()` failed trying to load:\n\nhttps://your_supabase_project.supabase.co/auth/v1/token?grant_type=password\n\nWe attempted to make an http request to this URL but the request failed without a response.\n\nWe received this error at the network level:\n\n  > Error: getaddrinfo ENOTFOUND your_supabase_project.supabase.co\n\n-----------------------------------------------------------\n\nThe request we sent was:\n\nMethod: POST\nURL: https://your_supabase_project.supabase.co/auth/v1/token?grant_type=password\n\n-----------------------------------------------------------\n\nCommon situations why this would fail:\n  - you don't have internet access\n  - you forgot to run / boot your web server\n  - your web server isn't accessible\n  - you have weird network configuration settings on your computer\n\nhttps://on.cypress.io/request",
                "estack": "CypressError: `cy.request()` failed trying to load:\n\nhttps://your_supabase_project.supabase.co/auth/v1/token?grant_type=password\n\nWe attempted to make an http request to this URL but the request failed without a response.\n\nWe received this error at the network level:\n\n  > Error: getaddrinfo ENOTFOUND your_supabase_project.supabase.co\n\n-----------------------------------------------------------\n\nThe request we sent was:\n\nMethod: POST\nURL: https://your_supabase_project.supabase.co/auth/v1/token?grant_type=password\n\n-----------------------------------------------------------\n\nCommon situations why this would fail:\n  - you don't have internet access\n  - you forgot to run / boot your web server\n  - your web server isn't accessible\n  - you have weird network configuration settings on your computer\n\nhttps://on.cypress.io/request\n    at <unknown> (http://localhost:5173/__cypress/runner/cypress_runner.js:133151:70)\n    at tryCatcher (http://localhost:5173/__cypress/runner/cypress_runner.js:1807:23)\n    at <unknown> (http://localhost:5173/__cypress/runner/cypress_runner.js:4203:37)\n    at tryCatcher (http://localhost:5173/__cypress/runner/cypress_runner.js:1807:23)\n    at Promise._settlePromiseFromHandler (http://localhost:5173/__cypress/runner/cypress_runner.js:1519:31)\n    at Promise._settlePromise (http://localhost:5173/__cypress/runner/cypress_runner.js:1576:18)\n    at Promise._settlePromise0 (http://localhost:5173/__cypress/runner/cypress_runner.js:1621:10)\n    at Promise._settlePromises (http://localhost:5173/__cypress/runner/cypress_runner.js:1697:18)\n    at _drainQueueStep (http://localhost:5173/__cypress/runner/cypress_runner.js:2407:12)\n    at _drainQueue (http://localhost:5173/__cypress/runner/cypress_runner.js:2400:9)\n    at Async._drainQueues (http://localhost:5173/__cypress/runner/cypress_runner.js:2416:5)\n    at Async.drainQueues (http://localhost:5173/__cypress/runner/cypress_runner.js:2286:14)\nFrom Your Spec Code:\n    at Context.eval (webpack://vite_react_shadcn_ts/./cypress/support/commands.ts:16:0)\n\nFrom Node.js Internals:\n  RequestError: Error: getaddrinfo ENOTFOUND your_supabase_project.supabase.co\n      at new r (<embedded>:1831:404372)\n      at ee.callback (<embedded>:1831:410373)\n      at e.callback.s.callback [as _callback] (<embedded>:1831:409819)\n      at s._callback.s.callback.s.callback (<embedded>:2049:91633)\n      at ee.emit (node:events:514:28)\n      at ee.onRequestError (<embedded>:2049:100575)\n      at ClientRequest.emit (node:events:526:35)\n      at TLSSocket.socketErrorListener (node:_http_client:501:9)\n      at TLSSocket.emit (node:events:514:28)\n      at emitErrorNT (node:internal/streams/destroy:151:8)\n      at emitErrorCloseNT (node:internal/streams/destroy:116:3)\n      at process.processTicksAndRejections (node:internal/process/task_queues:82:21)",
                "diff": null
              },
              "uuid": "9b9743a6-23ba-4e52-ac55-399d40a8302a",
              "parentUUID": "c09f9371-153a-411b-a718-139a17314835",
              "isHook": false,
              "skipped": false
            }
          ],
          "suites": [],
          "passes": [],
          "failures": [
            "d91b613d-09f4-4b68-87a7-fc535dd3181b",
            "5f67a4c0-c0ca-4bce-a2e1-83fc0f8f2ae8",
            "9b9743a6-23ba-4e52-ac55-399d40a8302a"
          ],
          "pending": [],
          "skipped": [],
          "duration": 4384,
          "root": false,
          "rootEmpty": false,
          "_timeout": 2000
        }
      ],
      "passes": [],
      "failures": [],
      "pending": [],
      "skipped": [],
      "duration": 0,
      "root": true,
      "rootEmpty": true,
      "_timeout": 2000
    }
  ],
  "meta": {
    "mocha": {
      "version": "7.0.1"
    },
    "mochawesome": {
      "options": {
        "quiet": false,
        "reportFilename": "mochawesome",
        "saveHtml": false,
        "saveJson": true,
        "consoleReporter": "spec",
        "useInlineDiffs": false,
        "code": true
      },
      "version": "7.1.3"
    },
    "marge": {
      "options": {
        "reportDir": "cypress/reports",
        "overwrite": false,
        "html": false,
        "json": true
      },
      "version": "6.2.0"
    }
  }
}